#-----------------------------------------------------------
# Vivado v2024.1 (64-bit)
# SW Build 5076996 on Wed May 22 18:37:14 MDT 2024
# IP Build 5075265 on Wed May 22 21:45:21 MDT 2024
# SharedData Build 5076995 on Wed May 22 18:29:18 MDT 2024
# Start of session at: Mon Apr 28 16:51:34 2025
# Process ID: 10400
# Current directory: C:/Users/abs7346/Desktop/Project_aarya
# Command line: vivado.exe -gui_launcher_event rodinguilauncherevent8156 C:\Users\abs7346\Desktop\Project_aarya\Project_aarya.xpr
# Log file: C:/Users/abs7346/Desktop/Project_aarya/vivado.log
# Journal file: C:/Users/abs7346/Desktop/Project_aarya\vivado.jou
# Running On        :E5-CSE-136-10
# Platform          :Windows Server 2016 or Windows 10
# Operating System  :26100
# Processor Detail  :Intel(R) Core(TM) i7-14700
# CPU Frequency     :2112 MHz
# CPU Physical cores:20
# CPU Logical cores :28
# Host memory       :34031 MB
# Swap memory       :5100 MB
# Total Virtual     :39131 MB
# Available Virtual :29345 MB
#-----------------------------------------------------------
sstart_guioopen_project C:/Users/abs7346/Desktop/Project_aarya/Project_aarya.xprWARNING: [Board 49-26] cannot add Board Part xilinx.com:k24c:part0:1.0 available at C:/Xilinx/Vivado/2024.1/data/xhub/boards/XilinxBoardStore/boards/Xilinx/k24c/1.0/board.xml as part xck24-ubva530-2lv-c specified in board_part file is either invalid or not available
WARNING: [Board 49-26] cannot add Board Part xilinx.com:k24i:part0:1.0 available at C:/Xilinx/Vivado/2024.1/data/xhub/boards/XilinxBoardStore/boards/Xilinx/k24i/1.0/board.xml as part xck24-ubva530-2lvi-i specified in board_part file is either invalid or not available
WARNING: [Board 49-26] cannot add Board Part xilinx.com:k26c:part0:1.2 available at C:/Xilinx/Vivado/2024.1/data/xhub/boards/XilinxBoardStore/boards/Xilinx/k26c/1.2/board.xml as part xck26-sfvc784-2lv-c specified in board_part file is either invalid or not available
WARNING: [Board 49-26] cannot add Board Part xilinx.com:k26c:part0:1.3 available at C:/Xilinx/Vivado/2024.1/data/xhub/boards/XilinxBoardStore/boards/Xilinx/k26c/1.3/board.xml as part xck26-sfvc784-2lv-c specified in board_part file is either invalid or not available
WARNING: [Board 49-26] cannot add Board Part xilinx.com:k26c:part0:1.4 available at C:/Xilinx/Vivado/2024.1/data/xhub/boards/XilinxBoardStore/boards/Xilinx/k26c/1.4/board.xml as part xck26-sfvc784-2lv-c specified in board_part file is either invalid or not available
WARNING: [Board 49-26] cannot add Board Part xilinx.com:k26i:part0:1.2 available at C:/Xilinx/Vivado/2024.1/data/xhub/boards/XilinxBoardStore/boards/Xilinx/k26i/1.2/board.xml as part xck26-sfvc784-2lvi-i specified in board_part file is either invalid or not available
WARNING: [Board 49-26] cannot add Board Part xilinx.com:k26i:part0:1.3 available at C:/Xilinx/Vivado/2024.1/data/xhub/boards/XilinxBoardStore/boards/Xilinx/k26i/1.3/board.xml as part xck26-sfvc784-2lvi-i specified in board_part file is either invalid or not available
WARNING: [Board 49-26] cannot add Board Part xilinx.com:k26i:part0:1.4 available at C:/Xilinx/Vivado/2024.1/data/xhub/boards/XilinxBoardStore/boards/Xilinx/k26i/1.4/board.xml as part xck26-sfvc784-2lvi-i specified in board_part file is either invalid or not available
WARNING: [Board 49-26] cannot add Board Part xilinx.com:kcu105:part0:1.6 available at C:/Xilinx/Vivado/2024.1/data/xhub/boards/XilinxBoardStore/boards/Xilinx/kcu105/1.6/board.xml as part xcku040-ffva1156-2-e specified in board_part file is either invalid or not available
WARNING: [Board 49-26] cannot add Board Part xilinx.com:kcu105:part0:1.7 available at C:/Xilinx/Vivado/2024.1/data/xhub/boards/XilinxBoardStore/boards/Xilinx/kcu105/1.7/board.xml as part xcku040-ffva1156-2-e specified in board_part file is either invalid or not available
WARNING: [Board 49-26] cannot add Board Part xilinx.com:kcu116:part0:1.4 available at C:/Xilinx/Vivado/2024.1/data/xhub/boards/XilinxBoardStore/boards/Xilinx/kcu116/1.4/board.xml as part xcku5p-ffvb676-2-e specified in board_part file is either invalid or not available
WARNING: [Board 49-26] cannot add Board Part xilinx.com:kcu116:part0:1.5 available at C:/Xilinx/Vivado/2024.1/data/xhub/boards/XilinxBoardStore/boards/Xilinx/kcu116/1.5/board.xml as part xcku5p-ffvb676-2-e specified in board_part file is either invalid or not available
WARNING: [Board 49-26] cannot add Board Part xilinx.com:kcu1500:part0:1.2 available at C:/Xilinx/Vivado/2024.1/data/xhub/boards/XilinxBoardStore/boards/Xilinx/kcu1500/1.2/board.xml as part xcku115-flvb2104-2-e specified in board_part file is either invalid or not available
WARNING: [Board 49-26] cannot add Board Part xilinx.com:kd240_som:part0:1.0 available at C:/Xilinx/Vivado/2024.1/data/xhub/boards/XilinxBoardStore/boards/Xilinx/kd240_som/1.0/board.xml as part xck24-ubva530-2lv-c specified in board_part file is either invalid or not available
WARNING: [Board 49-26] cannot add Board Part xilinx.com:kr260_som:part0:1.0 available at C:/Xilinx/Vivado/2024.1/data/xhub/boards/XilinxBoardStore/boards/Xilinx/kr260_som/1.0/board.xml as part xck26-sfvc784-2lv-c specified in board_part file is either invalid or not available
WARNING: [Board 49-26] cannot add Board Part xilinx.com:kr260_som:part0:1.1 available at C:/Xilinx/Vivado/2024.1/data/xhub/boards/XilinxBoardStore/boards/Xilinx/kr260_som/1.1/board.xml as part xck26-sfvc784-2lv-c specified in board_part file is either invalid or not available
WARNING: [Board 49-26] cannot add Board Part xilinx.com:kv260_som:part0:1.2 available at C:/Xilinx/Vivado/2024.1/data/xhub/boards/XilinxBoardStore/boards/Xilinx/kv260_som/1.2/board.xml as part xck26-sfvc784-2lv-c specified in board_part file is either invalid or not available
WARNING: [Board 49-26] cannot add Board Part xilinx.com:kv260_som:part0:1.3 available at C:/Xilinx/Vivado/2024.1/data/xhub/boards/XilinxBoardStore/boards/Xilinx/kv260_som/1.3/board.xml as part xck26-sfvc784-2lv-c specified in board_part file is either invalid or not available
WARNING: [Board 49-26] cannot add Board Part xilinx.com:kv260_som:part0:1.4 available at C:/Xilinx/Vivado/2024.1/data/xhub/boards/XilinxBoardStore/boards/Xilinx/kv260_som/1.4/board.xml as part xck26-sfvc784-2lv-c specified in board_part file is either invalid or not available
WARNING: [Board 49-26] cannot add Board Part xilinx.com:vck190:part0:2.2 available at C:/Xilinx/Vivado/2024.1/data/xhub/boards/XilinxBoardStore/boards/Xilinx/vck190/production/2.2/board.xml as part xcvc1902-vsva2197-2mp-e-s specified in board_part file is either invalid or not available
WARNING: [Board 49-26] cannot add Board Part xilinx.com:vck190:part0:3.0 available at C:/Xilinx/Vivado/2024.1/data/xhub/boards/XilinxBoardStore/boards/Xilinx/vck190/production/3.0/board.xml as part xcvc1902-vsva2197-2mp-e-s specified in board_part file is either invalid or not available
WARNING: [Board 49-26] cannot add Board Part xilinx.com:vck190:part0:3.1 available at C:/Xilinx/Vivado/2024.1/data/xhub/boards/XilinxBoardStore/boards/Xilinx/vck190/production/3.1/board.xml as part xcvc1902-vsva2197-2mp-e-s specified in board_part file is either invalid or not available
WARNING: [Board 49-26] cannot add Board Part xilinx.com:vck190:part0:3.2 available at C:/Xilinx/Vivado/2024.1/data/xhub/boards/XilinxBoardStore/boards/Xilinx/vck190/production/3.2/board.xml as part xcvc1902-vsva2197-2mp-e-s specified in board_part file is either invalid or not available
WARNING: [Board 49-26] cannot add Board Part xilinx.com:vck190:part0:3.3 available at C:/Xilinx/Vivado/2024.1/data/xhub/boards/XilinxBoardStore/boards/Xilinx/vck190/production/3.3/board.xml as part xcvc1902-vsva2197-2mp-e-s specified in board_part file is either invalid or not available
WARNING: [Board 49-26] cannot add Board Part xilinx.com:vck190_newl:part0:1.0 available at C:/Xilinx/Vivado/2024.1/data/xhub/boards/XilinxBoardStore/boards/Xilinx/vck190_newl/production/1.0/board.xml as part xcvc1902-vsva2197-2mp-e-s specified in board_part file is either invalid or not available
WARNING: [Board 49-26] cannot add Board Part xilinx.com:vck190_newl:part0:1.1 available at C:/Xilinx/Vivado/2024.1/data/xhub/boards/XilinxBoardStore/boards/Xilinx/vck190_newl/production/1.1/board.xml as part xcvc1902-vsva2197-2mp-e-s specified in board_part file is either invalid or not available
WARNING: [Board 49-26] cannot add Board Part xilinx.com:vck190_newl:part0:1.2 available at C:/Xilinx/Vivado/2024.1/data/xhub/boards/XilinxBoardStore/boards/Xilinx/vck190_newl/production/1.2/board.xml as part xcvc1902-vsva2197-2mp-e-s specified in board_part file is either invalid or not available
WARNING: [Board 49-26] cannot add Board Part xilinx.com:vcu108:part0:1.6 available at C:/Xilinx/Vivado/2024.1/data/xhub/boards/XilinxBoardStore/boards/Xilinx/vcu108/1.6/board.xml as part xcvu095-ffva2104-2-e specified in board_part file is either invalid or not available
WARNING: [Board 49-26] cannot add Board Part xilinx.com:vcu108:part0:1.7 available at C:/Xilinx/Vivado/2024.1/data/xhub/boards/XilinxBoardStore/boards/Xilinx/vcu108/1.7/board.xml as part xcvu095-ffva2104-2-e specified in board_part file is either invalid or not available
WARNING: [Board 49-26] cannot add Board Part xilinx.com:vcu110:part0:1.4 available at C:/Xilinx/Vivado/2024.1/data/xhub/boards/XilinxBoardStore/boards/Xilinx/vcu110/1.4/board.xml as part xcvu190-flgc2104-2-e specified in board_part file is either invalid or not available
WARNING: [Board 49-26] cannot add Board Part xilinx.com:vcu118:part0:2.0 available at C:/Xilinx/Vivado/2024.1/data/xhub/boards/XilinxBoardStore/boards/Xilinx/vcu118/2.0/board.xml as part xcvu9p-flga2104-2l-e specified in board_part file is either invalid or not available
WARNING: [Board 49-26] cannot add Board Part xilinx.com:vcu118:part0:2.3 available at C:/Xilinx/Vivado/2024.1/data/xhub/boards/XilinxBoardStore/boards/Xilinx/vcu118/2.3/board.xml as part xcvu9p-flga2104-2l-e specified in board_part file is either invalid or not available
WARNING: [Board 49-26] cannot add Board Part xilinx.com:vcu118:part0:2.4 available at C:/Xilinx/Vivado/2024.1/data/xhub/boards/XilinxBoardStore/boards/Xilinx/vcu118/2.4/board.xml as part xcvu9p-flga2104-2l-e specified in board_part file is either invalid or not available
WARNING: [Board 49-26] cannot add Board Part xilinx.com:vcu128:part0:1.0 available at C:/Xilinx/Vivado/2024.1/data/xhub/boards/XilinxBoardStore/boards/Xilinx/vcu128/production/1.0/board.xml as part xcvu37p-fsvh2892-2l-e specified in board_part file is either invalid or not available
WARNING: [Board 49-26] cannot add Board Part xilinx.com:vcu129:part0:1.0 available at C:/Xilinx/Vivado/2024.1/data/xhub/boards/XilinxBoardStore/boards/Xilinx/vcu129/production/1.0/board.xml as part xcvu29p-fsga2577-2l-e specified in board_part file is either invalid or not available
WARNING: [Board 49-26] cannot add Board Part xilinx.com:vcu1525:part0:1.3 available at C:/Xilinx/Vivado/2024.1/data/xhub/boards/XilinxBoardStore/boards/Xilinx/vcu1525/1.3/board.xml as part xcvu9p-fsgd2104-2l-e specified in board_part file is either invalid or not available
WARNING: [Board 49-26] cannot add Board Part xilinx.com:vek280:part0:1.0 available at C:/Xilinx/Vivado/2024.1/data/xhub/boards/XilinxBoardStore/boards/Xilinx/vek280/production/1.0/board.xml as part xcve2802-vsvh1760-2mp-e-s specified in board_part file is either invalid or not available
WARNING: [Board 49-26] cannot add Board Part xilinx.com:vek280:part0:1.1 available at C:/Xilinx/Vivado/2024.1/data/xhub/boards/XilinxBoardStore/boards/Xilinx/vek280/production/1.1/board.xml as part xcve2802-vsvh1760-2mp-e-s specified in board_part file is either invalid or not available
WARNING: [Board 49-26] cannot add Board Part xilinx.com:vek280:part0:1.2 available at C:/Xilinx/Vivado/2024.1/data/xhub/boards/XilinxBoardStore/boards/Xilinx/vek280/production/1.2/board.xml as part xcve2802-vsvh1760-2mp-e-s specified in board_part file is either invalid or not available
WARNING: [Board 49-26] cannot add Board Part xilinx.com:vek280_es:part0:1.0 available at C:/Xilinx/Vivado/2024.1/data/xhub/boards/XilinxBoardStore/boards/Xilinx/vek280/es/rev_a/1.0/board.xml as part xcve2802-vsvh1760-2lp-e-s-es1 specified in board_part file is either invalid or not available
WARNING: [Board 49-26] cannot add Board Part xilinx.com:vek280_es:part0:1.1 available at C:/Xilinx/Vivado/2024.1/data/xhub/boards/XilinxBoardStore/boards/Xilinx/vek280/es/rev_a/1.1/board.xml as part xcve2802-vsvh1760-2lp-e-s-es1 specified in board_part file is either invalid or not available
WARNING: [Board 49-26] cannot add Board Part xilinx.com:vek280_es_revb:part0:1.0 available at C:/Xilinx/Vivado/2024.1/data/xhub/boards/XilinxBoardStore/boards/Xilinx/vek280/es/rev_b/1.0/board.xml as part xcve2802-vsvh1760-2mp-e-s-es1 specified in board_part file is either invalid or not available
WARNING: [Board 49-26] cannot add Board Part xilinx.com:vek280_es_revb:part0:1.1 available at C:/Xilinx/Vivado/2024.1/data/xhub/boards/XilinxBoardStore/boards/Xilinx/vek280/es/rev_b/1.1/board.xml as part xcve2802-vsvh1760-2mp-e-s-es1 specified in board_part file is either invalid or not available
WARNING: [Board 49-26] cannot add Board Part xilinx.com:vermeo_t1_mpsoc:part0:1.0 available at C:/Xilinx/Vivado/2024.1/data/xhub/boards/XilinxBoardStore/boards/Xilinx/vermeo_t1_mpsoc/1.0/board.xml as part xczu19eg-ffvd1760-2l-e specified in board_part file is either invalid or not available
WARNING: [Board 49-26] cannot add Board Part xilinx.com:vermeo_t1_rfsoc:part0:1.0 available at C:/Xilinx/Vivado/2024.1/data/xhub/boards/XilinxBoardStore/boards/Xilinx/vermeo_t1_rfsoc/1.0/board.xml as part xczu21dr-ffvd1156-2l-e specified in board_part file is either invalid or not available
WARNING: [Board 49-26] cannot add Board Part xilinx.com:vhk158:part0:1.0 available at C:/Xilinx/Vivado/2024.1/data/xhub/boards/XilinxBoardStore/boards/Xilinx/vhk158/production/1.0/board.xml as part xcvh1582-vsva3697-2mp-e-s specified in board_part file is either invalid or not available
WARNING: [Board 49-26] cannot add Board Part xilinx.com:vhk158:part0:1.1 available at C:/Xilinx/Vivado/2024.1/data/xhub/boards/XilinxBoardStore/boards/Xilinx/vhk158/production/1.1/board.xml as part xcvh1582-vsva3697-2mp-e-s specified in board_part file is either invalid or not available
WARNING: [Board 49-26] cannot add Board Part xilinx.com:vhk158_es:part0:1.0 available at C:/Xilinx/Vivado/2024.1/data/xhub/boards/XilinxBoardStore/boards/Xilinx/vhk158/es/1.0/board.xml as part xcvh1582-vsva3697-2mp-e-s-es1 specified in board_part file is either invalid or not available
WARNING: [Board 49-26] cannot add Board Part xilinx.com:vhk158_es:part0:1.1 available at C:/Xilinx/Vivado/2024.1/data/xhub/boards/XilinxBoardStore/boards/Xilinx/vhk158/es/1.1/board.xml as part xcvh1582-vsva3697-2mp-e-s-es1 specified in board_part file is either invalid or not available
WARNING: [Board 49-26] cannot add Board Part xilinx.com:vmk180:part0:2.2 available at C:/Xilinx/Vivado/2024.1/data/xhub/boards/XilinxBoardStore/boards/Xilinx/vmk180/production/2.2/board.xml as part xcvm1802-vsva2197-2mp-e-s specified in board_part file is either invalid or not available
WARNING: [Board 49-26] cannot add Board Part xilinx.com:vmk180:part0:3.0 available at C:/Xilinx/Vivado/2024.1/data/xhub/boards/XilinxBoardStore/boards/Xilinx/vmk180/production/3.0/board.xml as part xcvm1802-vsva2197-2mp-e-s specified in board_part file is either invalid or not available
WARNING: [Board 49-26] cannot add Board Part xilinx.com:vmk180:part0:3.1 available at C:/Xilinx/Vivado/2024.1/data/xhub/boards/XilinxBoardStore/boards/Xilinx/vmk180/production/3.1/board.xml as part xcvm1802-vsva2197-2mp-e-s specified in board_part file is either invalid or not available
WARNING: [Board 49-26] cannot add Board Part xilinx.com:vmk180:part0:3.2 available at C:/Xilinx/Vivado/2024.1/data/xhub/boards/XilinxBoardStore/boards/Xilinx/vmk180/production/3.2/board.xml as part xcvm1802-vsva2197-2mp-e-s specified in board_part file is either invalid or not available
WARNING: [Board 49-26] cannot add Board Part xilinx.com:vmk180_newl:part0:1.0 available at C:/Xilinx/Vivado/2024.1/data/xhub/boards/XilinxBoardStore/boards/Xilinx/vmk180_newl/production/1.0/board.xml as part xcvm1802-vsva2197-2mp-e-s specified in board_part file is either invalid or not available
WARNING: [Board 49-26] cannot add Board Part xilinx.com:vmk180_newl:part0:1.1 available at C:/Xilinx/Vivado/2024.1/data/xhub/boards/XilinxBoardStore/boards/Xilinx/vmk180_newl/production/1.1/board.xml as part xcvm1802-vsva2197-2mp-e-s specified in board_part file is either invalid or not available
WARNING: [Board 49-26] cannot add Board Part xilinx.com:vpk120:part0:1.0 available at C:/Xilinx/Vivado/2024.1/data/xhub/boards/XilinxBoardStore/boards/Xilinx/vpk120/production/1.0/board.xml as part xcvp1202-vsva2785-2mp-e-s specified in board_part file is either invalid or not available
WARNING: [Board 49-26] cannot add Board Part xilinx.com:vpk120:part0:1.1 available at C:/Xilinx/Vivado/2024.1/data/xhub/boards/XilinxBoardStore/boards/Xilinx/vpk120/production/1.1/board.xml as part xcvp1202-vsva2785-2mp-e-s specified in board_part file is either invalid or not available
WARNING: [Board 49-26] cannot add Board Part xilinx.com:vpk120:part0:1.2 available at C:/Xilinx/Vivado/2024.1/data/xhub/boards/XilinxBoardStore/boards/Xilinx/vpk120/production/1.2/board.xml as part xcvp1202-vsva2785-2mp-e-s specified in board_part file is either invalid or not available
WARNING: [Board 49-26] cannot add Board Part xilinx.com:vpk180:part0:1.0 available at C:/Xilinx/Vivado/2024.1/data/xhub/boards/XilinxBoardStore/boards/Xilinx/vpk180/production/1.0/board.xml as part xcvp1802-lsvc4072-2mp-e-s specified in board_part file is either invalid or not available
WARNING: [Board 49-26] cannot add Board Part xilinx.com:vpk180:part0:1.1 available at C:/Xilinx/Vivado/2024.1/data/xhub/boards/XilinxBoardStore/boards/Xilinx/vpk180/production/1.1/board.xml as part xcvp1802-lsvc4072-2mp-e-s specified in board_part file is either invalid or not available
WARNING: [Board 49-26] cannot add Board Part xilinx.com:vpk180:part0:1.2 available at C:/Xilinx/Vivado/2024.1/data/xhub/boards/XilinxBoardStore/boards/Xilinx/vpk180/production/1.2/board.xml as part xcvp1802-lsvc4072-2mp-e-s specified in board_part file is either invalid or not available
WARNING: [Board 49-26] cannot add Board Part xilinx.com:zcu102:part0:3.3 available at C:/Xilinx/Vivado/2024.1/data/xhub/boards/XilinxBoardStore/boards/Xilinx/zcu102/3.3/board.xml as part xczu9eg-ffvb1156-2-e specified in board_part file is either invalid or not available
WARNING: [Board 49-26] cannot add Board Part xilinx.com:zcu102:part0:3.4 available at C:/Xilinx/Vivado/2024.1/data/xhub/boards/XilinxBoardStore/boards/Xilinx/zcu102/3.4/board.xml as part xczu9eg-ffvb1156-2-e specified in board_part file is either invalid or not available
WARNING: [Board 49-26] cannot add Board Part xilinx.com:zcu104:part0:1.1 available at C:/Xilinx/Vivado/2024.1/data/xhub/boards/XilinxBoardStore/boards/Xilinx/zcu104/1.1/board.xml as part xczu7ev-ffvc1156-2-e specified in board_part file is either invalid or not available
WARNING: [Board 49-26] cannot add Board Part xilinx.com:zcu106:part0:2.4 available at C:/Xilinx/Vivado/2024.1/data/xhub/boards/XilinxBoardStore/boards/Xilinx/zcu106/2.4/board.xml as part xczu7ev-ffvc1156-2-e specified in board_part file is either invalid or not available
WARNING: [Board 49-26] cannot add Board Part xilinx.com:zcu106:part0:2.5 available at C:/Xilinx/Vivado/2024.1/data/xhub/boards/XilinxBoardStore/boards/Xilinx/zcu106/2.5/board.xml as part xczu7ev-ffvc1156-2-e specified in board_part file is either invalid or not available
WARNING: [Board 49-26] cannot add Board Part xilinx.com:zcu106:part0:2.6 available at C:/Xilinx/Vivado/2024.1/data/xhub/boards/XilinxBoardStore/boards/Xilinx/zcu106/2.6/board.xml as part xczu7ev-ffvc1156-2-e specified in board_part file is either invalid or not available
WARNING: [Board 49-26] cannot add Board Part xilinx.com:zcu111:part0:1.2 available at C:/Xilinx/Vivado/2024.1/data/xhub/boards/XilinxBoardStore/boards/Xilinx/zcu111/1.2/board.xml as part xczu28dr-ffvg1517-2-e specified in board_part file is either invalid or not available
WARNING: [Board 49-26] cannot add Board Part xilinx.com:zcu111:part0:1.3 available at C:/Xilinx/Vivado/2024.1/data/xhub/boards/XilinxBoardStore/boards/Xilinx/zcu111/1.3/board.xml as part xczu28dr-ffvg1517-2-e specified in board_part file is either invalid or not available
WARNING: [Board 49-26] cannot add Board Part xilinx.com:zcu111:part0:1.4 available at C:/Xilinx/Vivado/2024.1/data/xhub/boards/XilinxBoardStore/boards/Xilinx/zcu111/1.4/board.xml as part xczu28dr-ffvg1517-2-e specified in board_part file is either invalid or not available
WARNING: [Board 49-26] cannot add Board Part xilinx.com:zcu1275:part0:1.0 available at C:/Xilinx/Vivado/2024.1/data/xhub/boards/XilinxBoardStore/boards/Xilinx/zcu1275/1.0/board.xml as part xczu29dr-ffvf1760-2-e specified in board_part file is either invalid or not available
WARNING: [Board 49-26] cannot add Board Part xilinx.com:zcu1285:part0:1.0 available at C:/Xilinx/Vivado/2024.1/data/xhub/boards/XilinxBoardStore/boards/Xilinx/zcu1285/1.0/board.xml as part xczu39dr-ffvf1760-2-i specified in board_part file is either invalid or not available
WARNING: [Board 49-26] cannot add Board Part xilinx.com:zcu208:part0:2.0 available at C:/Xilinx/Vivado/2024.1/data/xhub/boards/XilinxBoardStore/boards/Xilinx/zcu208/production/2.0/board.xml as part xczu48dr-fsvg1517-2-e specified in board_part file is either invalid or not available
WARNING: [Board 49-26] cannot add Board Part xilinx.com:zcu208ld:part0:2.0 available at C:/Xilinx/Vivado/2024.1/data/xhub/boards/XilinxBoardStore/boards/Xilinx/zcu208ld/production/2.0/board.xml as part xczu58dr-fsvg1517-2-i specified in board_part file is either invalid or not available
WARNING: [Board 49-26] cannot add Board Part xilinx.com:zcu216:part0:2.0 available at C:/Xilinx/Vivado/2024.1/data/xhub/boards/XilinxBoardStore/boards/Xilinx/zcu216/production/2.0/board.xml as part xczu49dr-ffvf1760-2-e specified in board_part file is either invalid or not available
WARNING: [Board 49-26] cannot add Board Part xilinx.com:zcu216ld:part0:2.0 available at C:/Xilinx/Vivado/2024.1/data/xhub/boards/XilinxBoardStore/boards/Xilinx/zcu216ld/production/2.0/board.xml as part xczu59dr-ffvf1760-2-i specified in board_part file is either invalid or not available
WARNING: [Board 49-26] cannot add Board Part xilinx.com:zcu670:part0:2.0 available at C:/Xilinx/Vivado/2024.1/data/xhub/boards/XilinxBoardStore/boards/Xilinx/zcu670/2.0/board.xml as part xczu67dr-fsve1156-2-i specified in board_part file is either invalid or not available
WARNING: [Board 49-26] cannot add Board Part xilinx.com:zcu670ld:part0:1.0 available at C:/Xilinx/Vivado/2024.1/data/xhub/boards/XilinxBoardStore/boards/Xilinx/zcu670ld/1.0/board.xml as part xczu57dr-fsve1156-2-i specified in board_part file is either invalid or not available
INFO: [filemgmt 56-3] Default IP Output Path : Could not find the directory 'C:/Users/abs7346/Desktop/Project_aarya/Project_aarya.gen/sources_1'.
SScanning sources...FFinished scanning sourcesIINFO: [IP_Flow 19-234] Refreshing IP repositories
INFO: [IP_Flow 19-1704] No user IP repositories specifiedIINFO: [IP_Flow 19-2313] Loaded Vivado IP repository 'C:/Xilinx/Vivado/2024.1/data/ip'.open_project: Time (s): cpu = 00:00:17 ; elapsed = 00:00:09 . Memory (MB): peak = 1709.328 ; gain = 270.941
uupdate_compile_order -fileset sources_1WARNING: [filemgmt 56-199] Attempt to get parsing info during refresh. "On-the-fly" syntax checking information may be incorrect. [C:\Users\abs7346\Desktop\Project_aarya\Project_aarya.srcs\sources_1\new\DataPath.v:]
WARNING: [filemgmt 56-199] Attempt to get parsing info during refresh. "On-the-fly" syntax checking information may be incorrect. [C:\Users\abs7346\Desktop\Project_aarya\Project_aarya.srcs\sim_1\new\testbench.v:]
WARNING: [filemgmt 56-199] Attempt to get parsing info during refresh. "On-the-fly" syntax checking information may be incorrect. [C:\Users\abs7346\Desktop\Project_aarya\Project_aarya.srcs\sim_1\new\testbench.v:]
WARNING: [filemgmt 56-199] Attempt to get parsing info during refresh. "On-the-fly" syntax checking information may be incorrect. [C:\Users\abs7346\Desktop\Project_aarya\Project_aarya.srcs\sim_1\new\testbench.v:]
ERROR: [Common 17-180] Spawn failed: No error
WARNING: [filemgmt 56-199] Attempt to get parsing info during refresh. "On-the-fly" syntax checking information may be incorrect. [C:\Users\abs7346\Desktop\Project_aarya\Project_aarya.srcs\sources_1\new\DataPath.v:]
WARNING: [filemgmt 56-199] Attempt to get parsing info during refresh. "On-the-fly" syntax checking information may be incorrect. [C:\Users\abs7346\Desktop\Project_aarya\Project_aarya.srcs\sim_1\new\testbench.v:]
WARNING: [filemgmt 56-199] Attempt to get parsing info during refresh. "On-the-fly" syntax checking information may be incorrect. [C:\Users\abs7346\Desktop\Project_aarya\Project_aarya.srcs\sim_1\new\testbench.v:]
WARNING: [filemgmt 56-199] Attempt to get parsing info during refresh. "On-the-fly" syntax checking information may be incorrect. [C:\Users\abs7346\Desktop\Project_aarya\Project_aarya.srcs\sim_1\new\testbench.v:]
ERROR: [Common 17-180] Spawn failed: No error
WARNING: [filemgmt 56-199] Attempt to get parsing info during refresh. "On-the-fly" syntax checking information may be incorrect. [C:\Users\abs7346\Desktop\Project_aarya\Project_aarya.srcs\sources_1\new\DataPath.v:]
WARNING: [filemgmt 56-199] Attempt to get parsing info during refresh. "On-the-fly" syntax checking information may be incorrect. [C:\Users\abs7346\Desktop\Project_aarya\Project_aarya.srcs\sim_1\new\testbench.v:]
WARNING: [filemgmt 56-199] Attempt to get parsing info during refresh. "On-the-fly" syntax checking information may be incorrect. [C:\Users\abs7346\Desktop\Project_aarya\Project_aarya.srcs\sim_1\new\testbench.v:]
WARNING: [filemgmt 56-199] Attempt to get parsing info during refresh. "On-the-fly" syntax checking information may be incorrect. [C:\Users\abs7346\Desktop\Project_aarya\Project_aarya.srcs\sim_1\new\testbench.v:]
ERROR: [Common 17-180] Spawn failed: No error
WARNING: [filemgmt 56-199] Attempt to get parsing info during refresh. "On-the-fly" syntax checking information may be incorrect. [C:\Users\abs7346\Desktop\Project_aarya\Project_aarya.srcs\sources_1\new\DataPath.v:]
WARNING: [filemgmt 56-199] Attempt to get parsing info during refresh. "On-the-fly" syntax checking information may be incorrect. [C:\Users\abs7346\Desktop\Project_aarya\Project_aarya.srcs\sim_1\new\testbench.v:]
WARNING: [filemgmt 56-199] Attempt to get parsing info during refresh. "On-the-fly" syntax checking information may be incorrect. [C:\Users\abs7346\Desktop\Project_aarya\Project_aarya.srcs\sim_1\new\testbench.v:]
WARNING: [filemgmt 56-199] Attempt to get parsing info during refresh. "On-the-fly" syntax checking information may be incorrect. [C:\Users\abs7346\Desktop\Project_aarya\Project_aarya.srcs\sim_1\new\testbench.v:]
ERROR: [Common 17-180] Spawn failed: No error
WARNING: [filemgmt 56-199] Attempt to get parsing info during refresh. "On-the-fly" syntax checking information may be incorrect. [C:\Users\abs7346\Desktop\Project_aarya\Project_aarya.srcs\sources_1\new\DataPath.v:]
WARNING: [filemgmt 56-199] Attempt to get parsing info during refresh. "On-the-fly" syntax checking information may be incorrect. [C:\Users\abs7346\Desktop\Project_aarya\Project_aarya.srcs\sim_1\new\testbench.v:]
WARNING: [filemgmt 56-199] Attempt to get parsing info during refresh. "On-the-fly" syntax checking information may be incorrect. [C:\Users\abs7346\Desktop\Project_aarya\Project_aarya.srcs\sim_1\new\testbench.v:]
WARNING: [filemgmt 56-199] Attempt to get parsing info during refresh. "On-the-fly" syntax checking information may be incorrect. [C:\Users\abs7346\Desktop\Project_aarya\Project_aarya.srcs\sim_1\new\testbench.v:]
ERROR: [Common 17-180] Spawn failed: No error
launch_simulation
Command: launch_simulation 
INFO: [Vivado 12-12493] Simulation top is 'testbench'
WARNING: [Vivado 12-13340] Unable to auto find GCC executables from simulator install path! (path not set)
INFO: [Vivado 12-5682] Launching behavioral simulation in 'C:/Users/abs7346/Desktop/Project_aarya/Project_aarya.sim/sim_1/behav/xsim'
INFO: [SIM-utils-51] Simulation object is 'sim_1'
INFO: [SIM-utils-72] Using boost library from 'C:/Xilinx/Vivado/2024.1/tps/boost_1_72_0'
INFO: [SIM-utils-54] Inspecting design source files for 'testbench' in fileset 'sim_1'...
INFO: [USF-XSim-97] Finding global include files...
INFO: [USF-XSim-98] Fetching design files from 'sim_1'...
INFO: [USF-XSim-2] XSim::Compile design
INFO: [USF-XSim-61] Executing 'COMPILE and ANALYZE' step in 'C:/Users/abs7346/Desktop/Project_aarya/Project_aarya.sim/sim_1/behav/xsim'
"xvlog --incr --relax -prj testbench_vlog.prj"
INFO: [USF-XSim-69] 'compile' step finished in '1' seconds
INFO: [USF-XSim-3] XSim::Elaborate design
INFO: [USF-XSim-61] Executing 'ELABORATE' step in 'C:/Users/abs7346/Desktop/Project_aarya/Project_aarya.sim/sim_1/behav/xsim'
"xelab --incr --debug typical --relax --mt 2 -L xil_defaultlib -L unisims_ver -L unimacro_ver -L secureip --snapshot testbench_behav xil_defaultlib.testbench xil_defaultlib.glbl -log elaborate.log"
Vivado Simulator v2024.1
Copyright 1986-2022 Xilinx, Inc. All Rights Reserved.
Copyright 2022-2024 Advanced Micro Devices, Inc. All Rights Reserved.
Running: C:/Xilinx/Vivado/2024.1/bin/unwrapped/win64.o/xelab.exe --incr --debug typical --relax --mt 2 -L xil_defaultlib -L unisims_ver -L unimacro_ver -L secureip --snapshot testbench_behav xil_defaultlib.testbench xil_defaultlib.glbl -log elaborate.log 
Using 2 slave threads.
Starting static elaboration
Pass Through NonSizing Optimizer
Completed static elaboration
INFO: [XSIM 43-4323] No Change in HDL. Linking previously generated obj files to create kernel
INFO: [USF-XSim-69] 'elaborate' step finished in '2' seconds
INFO: [USF-XSim-4] XSim::Simulate design
INFO: [USF-XSim-61] Executing 'SIMULATE' step in 'C:/Users/abs7346/Desktop/Project_aarya/Project_aarya.sim/sim_1/behav/xsim'
INFO: [USF-XSim-98] *** Running xsim
   with args "testbench_behav -key {Behavioral:sim_1:Functional:testbench} -tclbatch {testbench.tcl} -log {simulate.log}"
INFO: [USF-XSim-8] Loading simulator feature
Time resolution is 1 ps
source testbench.tcl
# set curr_wave [current_wave_config]
# if { [string length $curr_wave] == 0 } {
#   if { [llength [get_objects]] > 0} {
#     add_wave /
#     set_property needs_save false [current_wave_config]
#   } else {
#      send_msg_id Add_Wave-1 WARNING "No top level signals found. Simulator will start without a wave window. If you want to open a wave window go to 'File->New Waveform Configuration' or type 'create_wave_config' in the TCL console."
#   }
# }
# run 1000ns
INFO: [USF-XSim-96] XSim completed. Design snapshot 'testbench_behav' loaded.
INFO: [USF-XSim-97] XSim simulation ran for 1000ns
launch_simulation: Time (s): cpu = 00:00:03 ; elapsed = 00:00:05 . Memory (MB): peak = 1877.344 ; gain = 0.000
WARNING: [filemgmt 56-199] Attempt to get parsing info during refresh. "On-the-fly" syntax checking information may be incorrect. [C:\Users\abs7346\Desktop\Project_aarya\Project_aarya.srcs\sources_1\new\DataPath.v:]
WARNING: [filemgmt 56-199] Attempt to get parsing info during refresh. "On-the-fly" syntax checking information may be incorrect. [C:\Users\abs7346\Desktop\Project_aarya\Project_aarya.srcs\sim_1\new\testbench.v:]
WARNING: [filemgmt 56-199] Attempt to get parsing info during refresh. "On-the-fly" syntax checking information may be incorrect. [C:\Users\abs7346\Desktop\Project_aarya\Project_aarya.srcs\sim_1\new\testbench.v:]
WARNING: [filemgmt 56-199] Attempt to get parsing info during refresh. "On-the-fly" syntax checking information may be incorrect. [C:\Users\abs7346\Desktop\Project_aarya\Project_aarya.srcs\sim_1\new\testbench.v:]
ERROR: [Common 17-180] Spawn failed: No error
close_sim
INFO: [Simtcl 6-16] Simulation closed
launch_simulation
Command: launch_simulation 
INFO: [Vivado 12-12493] Simulation top is 'testbench'
WARNING: [Vivado 12-13340] Unable to auto find GCC executables from simulator install path! (path not set)
INFO: [Vivado 12-5682] Launching behavioral simulation in 'C:/Users/abs7346/Desktop/Project_aarya/Project_aarya.sim/sim_1/behav/xsim'
INFO: [SIM-utils-51] Simulation object is 'sim_1'
INFO: [SIM-utils-72] Using boost library from 'C:/Xilinx/Vivado/2024.1/tps/boost_1_72_0'
INFO: [SIM-utils-54] Inspecting design source files for 'testbench' in fileset 'sim_1'...
INFO: [USF-XSim-97] Finding global include files...
INFO: [USF-XSim-98] Fetching design files from 'sim_1'...
INFO: [USF-XSim-2] XSim::Compile design
INFO: [USF-XSim-61] Executing 'COMPILE and ANALYZE' step in 'C:/Users/abs7346/Desktop/Project_aarya/Project_aarya.sim/sim_1/behav/xsim'
"xvlog --incr --relax -prj testbench_vlog.prj"
INFO: [VRFC 10-2263] Analyzing Verilog file "C:/Users/abs7346/Desktop/Project_aarya/Project_aarya.srcs/sources_1/new/DataPath.v" into library xil_defaultlib
INFO: [VRFC 10-311] analyzing module DataPath
INFO: [VRFC 10-311] analyzing module ProgramCounter
INFO: [VRFC 10-311] analyzing module InstructionMemory
INFO: [VRFC 10-311] analyzing module PCAdder
INFO: [VRFC 10-311] analyzing module IFID_PipelineRegister
INFO: [VRFC 10-311] analyzing module Control_Unit
INFO: [VRFC 10-311] analyzing module Regrt_MUX
INFO: [VRFC 10-311] analyzing module Register_File
INFO: [VRFC 10-311] analyzing module Immediate_Extender
INFO: [VRFC 10-311] analyzing module ForwardingUnit
INFO: [VRFC 10-311] analyzing module ID_EXE_Pipeline
INFO: [VRFC 10-311] analyzing module ALU_Mux
INFO: [VRFC 10-311] analyzing module ALU
INFO: [VRFC 10-311] analyzing module EXE_MEM_Pipeline
INFO: [VRFC 10-311] analyzing module DataMemory
INFO: [VRFC 10-311] analyzing module MEM_WB_Pipeline
INFO: [VRFC 10-311] analyzing module WB_Mux
INFO: [VRFC 10-2263] Analyzing Verilog file "C:/Users/abs7346/Desktop/Project_aarya/Project_aarya.srcs/sim_1/new/testbench.v" into library xil_defaultlib
INFO: [VRFC 10-311] analyzing module testbench
INFO: [USF-XSim-69] 'compile' step finished in '2' seconds
INFO: [USF-XSim-3] XSim::Elaborate design
INFO: [USF-XSim-61] Executing 'ELABORATE' step in 'C:/Users/abs7346/Desktop/Project_aarya/Project_aarya.sim/sim_1/behav/xsim'
"xelab --incr --debug typical --relax --mt 2 -L xil_defaultlib -L unisims_ver -L unimacro_ver -L secureip --snapshot testbench_behav xil_defaultlib.testbench xil_defaultlib.glbl -log elaborate.log"
Vivado Simulator v2024.1
Copyright 1986-2022 Xilinx, Inc. All Rights Reserved.
Copyright 2022-2024 Advanced Micro Devices, Inc. All Rights Reserved.
Running: C:/Xilinx/Vivado/2024.1/bin/unwrapped/win64.o/xelab.exe --incr --debug typical --relax --mt 2 -L xil_defaultlib -L unisims_ver -L unimacro_ver -L secureip --snapshot testbench_behav xil_defaultlib.testbench xil_defaultlib.glbl -log elaborate.log 
Using 2 slave threads.
Starting static elaboration
Pass Through NonSizing Optimizer
ERROR: [VRFC 10-3180] cannot find port 'qb_regfile' on this module [C:/Users/abs7346/Desktop/Project_aarya/Project_aarya.srcs/sim_1/new/testbench.v:89]
ERROR: [VRFC 10-3180] cannot find port 'qa_regfile' on this module [C:/Users/abs7346/Desktop/Project_aarya/Project_aarya.srcs/sim_1/new/testbench.v:88]
ERROR: [XSIM 43-3322] Static elaboration of top level Verilog design unit(s) in library work failed.
INFO: [USF-XSim-69] 'elaborate' step finished in '2' seconds
INFO: [USF-XSim-99] Step results log file:'C:/Users/abs7346/Desktop/Project_aarya/Project_aarya.sim/sim_1/behav/xsim/elaborate.log'
ERROR: [USF-XSim-62] 'elaborate' step failed with error(s). Please check the Tcl console output or 'C:/Users/abs7346/Desktop/Project_aarya/Project_aarya.sim/sim_1/behav/xsim/elaborate.log' file for more information.
ERROR: [Vivado 12-4473] Detected error while running simulation. Please correct the issue and retry this operation.
ERROR: [Common 17-39] 'launch_simulation' failed due to earlier errors.
WARNING: [filemgmt 56-199] Attempt to get parsing info during refresh. "On-the-fly" syntax checking information may be incorrect. [C:\Users\abs7346\Desktop\Project_aarya\Project_aarya.srcs\sources_1\new\DataPath.v:]
WARNING: [filemgmt 56-199] Attempt to get parsing info during refresh. "On-the-fly" syntax checking information may be incorrect. [C:\Users\abs7346\Desktop\Project_aarya\Project_aarya.srcs\sim_1\new\testbench.v:]
WARNING: [filemgmt 56-199] Attempt to get parsing info during refresh. "On-the-fly" syntax checking information may be incorrect. [C:\Users\abs7346\Desktop\Project_aarya\Project_aarya.srcs\sources_1\new\DataPath.v:]
WARNING: [filemgmt 56-199] Attempt to get parsing info during refresh. "On-the-fly" syntax checking information may be incorrect. [C:\Users\abs7346\Desktop\Project_aarya\Project_aarya.srcs\sources_1\new\DataPath.v:]
ERROR: [Common 17-180] Spawn failed: No error
launch_simulation
Command: launch_simulation 
INFO: [Vivado 12-12493] Simulation top is 'testbench'
WARNING: [Vivado 12-13340] Unable to auto find GCC executables from simulator install path! (path not set)
INFO: [Vivado 12-5682] Launching behavioral simulation in 'C:/Users/abs7346/Desktop/Project_aarya/Project_aarya.sim/sim_1/behav/xsim'
INFO: [SIM-utils-51] Simulation object is 'sim_1'
INFO: [SIM-utils-72] Using boost library from 'C:/Xilinx/Vivado/2024.1/tps/boost_1_72_0'
INFO: [SIM-utils-54] Inspecting design source files for 'testbench' in fileset 'sim_1'...
INFO: [USF-XSim-97] Finding global include files...
INFO: [USF-XSim-98] Fetching design files from 'sim_1'...
INFO: [USF-XSim-2] XSim::Compile design
INFO: [USF-XSim-61] Executing 'COMPILE and ANALYZE' step in 'C:/Users/abs7346/Desktop/Project_aarya/Project_aarya.sim/sim_1/behav/xsim'
"xvlog --incr --relax -prj testbench_vlog.prj"
INFO: [VRFC 10-2263] Analyzing Verilog file "C:/Users/abs7346/Desktop/Project_aarya/Project_aarya.srcs/sources_1/new/DataPath.v" into library xil_defaultlib
INFO: [VRFC 10-311] analyzing module DataPath
INFO: [VRFC 10-311] analyzing module ProgramCounter
INFO: [VRFC 10-311] analyzing module InstructionMemory
INFO: [VRFC 10-311] analyzing module PCAdder
INFO: [VRFC 10-311] analyzing module IFID_PipelineRegister
INFO: [VRFC 10-311] analyzing module Control_Unit
INFO: [VRFC 10-311] analyzing module Regrt_MUX
INFO: [VRFC 10-311] analyzing module Register_File
INFO: [VRFC 10-311] analyzing module Immediate_Extender
INFO: [VRFC 10-311] analyzing module ForwardingUnit
INFO: [VRFC 10-311] analyzing module ID_EXE_Pipeline
INFO: [VRFC 10-311] analyzing module ALU_Mux
INFO: [VRFC 10-311] analyzing module ALU
INFO: [VRFC 10-311] analyzing module EXE_MEM_Pipeline
INFO: [VRFC 10-311] analyzing module DataMemory
INFO: [VRFC 10-311] analyzing module MEM_WB_Pipeline
INFO: [VRFC 10-311] analyzing module WB_Mux
INFO: [VRFC 10-2263] Analyzing Verilog file "C:/Users/abs7346/Desktop/Project_aarya/Project_aarya.srcs/sim_1/new/testbench.v" into library xil_defaultlib
INFO: [VRFC 10-311] analyzing module testbench
INFO: [USF-XSim-69] 'compile' step finished in '2' seconds
INFO: [USF-XSim-3] XSim::Elaborate design
INFO: [USF-XSim-61] Executing 'ELABORATE' step in 'C:/Users/abs7346/Desktop/Project_aarya/Project_aarya.sim/sim_1/behav/xsim'
"xelab --incr --debug typical --relax --mt 2 -L xil_defaultlib -L unisims_ver -L unimacro_ver -L secureip --snapshot testbench_behav xil_defaultlib.testbench xil_defaultlib.glbl -log elaborate.log"
Vivado Simulator v2024.1
Copyright 1986-2022 Xilinx, Inc. All Rights Reserved.
Copyright 2022-2024 Advanced Micro Devices, Inc. All Rights Reserved.
Running: C:/Xilinx/Vivado/2024.1/bin/unwrapped/win64.o/xelab.exe --incr --debug typical --relax --mt 2 -L xil_defaultlib -L unisims_ver -L unimacro_ver -L secureip --snapshot testbench_behav xil_defaultlib.testbench xil_defaultlib.glbl -log elaborate.log 
Using 2 slave threads.
Starting static elaboration
Pass Through NonSizing Optimizer
Completed static elaboration
Starting simulation data flow analysis
Completed simulation data flow analysis
Time Resolution for simulation is 1ps
Compiling module xil_defaultlib.ProgramCounter
Compiling module xil_defaultlib.InstructionMemory
Compiling module xil_defaultlib.PCAdder
Compiling module xil_defaultlib.IFID_PipelineRegister
Compiling module xil_defaultlib.Control_Unit
Compiling module xil_defaultlib.Regrt_MUX
Compiling module xil_defaultlib.Register_File
Compiling module xil_defaultlib.Immediate_Extender
Compiling module xil_defaultlib.ID_EXE_Pipeline
Compiling module xil_defaultlib.ALU_Mux
Compiling module xil_defaultlib.ALU
Compiling module xil_defaultlib.EXE_MEM_Pipeline
Compiling module xil_defaultlib.DataMemory
Compiling module xil_defaultlib.MEM_WB_Pipeline
Compiling module xil_defaultlib.WB_Mux
Compiling module xil_defaultlib.ForwardingUnit
Compiling module xil_defaultlib.DataPath
Compiling module xil_defaultlib.testbench
Compiling module xil_defaultlib.glbl
Built simulation snapshot testbench_behav
INFO: [USF-XSim-69] 'elaborate' step finished in '2' seconds
INFO: [USF-XSim-4] XSim::Simulate design
INFO: [USF-XSim-61] Executing 'SIMULATE' step in 'C:/Users/abs7346/Desktop/Project_aarya/Project_aarya.sim/sim_1/behav/xsim'
INFO: [USF-XSim-98] *** Running xsim
   with args "testbench_behav -key {Behavioral:sim_1:Functional:testbench} -tclbatch {testbench.tcl} -log {simulate.log}"
INFO: [USF-XSim-8] Loading simulator feature
Time resolution is 1 ps
source testbench.tcl
# set curr_wave [current_wave_config]
# if { [string length $curr_wave] == 0 } {
#   if { [llength [get_objects]] > 0} {
#     add_wave /
#     set_property needs_save false [current_wave_config]
#   } else {
#      send_msg_id Add_Wave-1 WARNING "No top level signals found. Simulator will start without a wave window. If you want to open a wave window go to 'File->New Waveform Configuration' or type 'create_wave_config' in the TCL console."
#   }
# }
# run 1000ns
INFO: [USF-XSim-96] XSim completed. Design snapshot 'testbench_behav' loaded.
INFO: [USF-XSim-97] XSim simulation ran for 1000ns
launch_simulation: Time (s): cpu = 00:00:01 ; elapsed = 00:00:06 . Memory (MB): peak = 1877.344 ; gain = 0.000
synth_design -rtl -rtl_skip_mlo -name rtl_1
Command: synth_design -rtl -rtl_skip_mlo -name rtl_1
Starting synth_design
Using part: xc7z010clg400-1
Top: DataPath
INFO: [Device 21-403] Loading part xc7z010clg400-1
INFO: [Device 21-9227] Part: xc7z010clg400-1 does not have CEAM library.
INFO: [Synth 8-7079] Multithreading enabled for synth_design using a maximum of 2 processes.
INFO: [Synth 8-7078] Launching helper process for spawning children vivado processes
INFO: [Synth 8-7075] Helper process launched with PID 12184
---------------------------------------------------------------------------------
Starting RTL Elaboration : Time (s): cpu = 00:00:03 ; elapsed = 00:00:03 . Memory (MB): peak = 2839.086 ; gain = 0.000
---------------------------------------------------------------------------------
INFO: [Synth 8-6157] synthesizing module 'DataPath' [C:/Users/abs7346/Desktop/Project_aarya/Project_aarya.srcs/sources_1/new/DataPath.v:23]
INFO: [Synth 8-226] default block is never used [C:/Users/abs7346/Desktop/Project_aarya/Project_aarya.srcs/sources_1/new/DataPath.v:98]
INFO: [Synth 8-226] default block is never used [C:/Users/abs7346/Desktop/Project_aarya/Project_aarya.srcs/sources_1/new/DataPath.v:110]
INFO: [Synth 8-6157] synthesizing module 'ProgramCounter' [C:/Users/abs7346/Desktop/Project_aarya/Project_aarya.srcs/sources_1/new/DataPath.v:297]
INFO: [Synth 8-6155] done synthesizing module 'ProgramCounter' (0#1) [C:/Users/abs7346/Desktop/Project_aarya/Project_aarya.srcs/sources_1/new/DataPath.v:297]
INFO: [Synth 8-6157] synthesizing module 'InstructionMemory' [C:/Users/abs7346/Desktop/Project_aarya/Project_aarya.srcs/sources_1/new/DataPath.v:312]
INFO: [Synth 8-6155] done synthesizing module 'InstructionMemory' (0#1) [C:/Users/abs7346/Desktop/Project_aarya/Project_aarya.srcs/sources_1/new/DataPath.v:312]
INFO: [Synth 8-6157] synthesizing module 'PCAdder' [C:/Users/abs7346/Desktop/Project_aarya/Project_aarya.srcs/sources_1/new/DataPath.v:333]
INFO: [Synth 8-6155] done synthesizing module 'PCAdder' (0#1) [C:/Users/abs7346/Desktop/Project_aarya/Project_aarya.srcs/sources_1/new/DataPath.v:333]
INFO: [Synth 8-6157] synthesizing module 'IFID_PipelineRegister' [C:/Users/abs7346/Desktop/Project_aarya/Project_aarya.srcs/sources_1/new/DataPath.v:343]
INFO: [Synth 8-6155] done synthesizing module 'IFID_PipelineRegister' (0#1) [C:/Users/abs7346/Desktop/Project_aarya/Project_aarya.srcs/sources_1/new/DataPath.v:343]
INFO: [Synth 8-6157] synthesizing module 'Control_Unit' [C:/Users/abs7346/Desktop/Project_aarya/Project_aarya.srcs/sources_1/new/DataPath.v:356]
INFO: [Synth 8-6155] done synthesizing module 'Control_Unit' (0#1) [C:/Users/abs7346/Desktop/Project_aarya/Project_aarya.srcs/sources_1/new/DataPath.v:356]
INFO: [Synth 8-6157] synthesizing module 'Regrt_MUX' [C:/Users/abs7346/Desktop/Project_aarya/Project_aarya.srcs/sources_1/new/DataPath.v:408]
INFO: [Synth 8-6155] done synthesizing module 'Regrt_MUX' (0#1) [C:/Users/abs7346/Desktop/Project_aarya/Project_aarya.srcs/sources_1/new/DataPath.v:408]
INFO: [Synth 8-6157] synthesizing module 'Register_File' [C:/Users/abs7346/Desktop/Project_aarya/Project_aarya.srcs/sources_1/new/DataPath.v:424]
INFO: [Synth 8-6155] done synthesizing module 'Register_File' (0#1) [C:/Users/abs7346/Desktop/Project_aarya/Project_aarya.srcs/sources_1/new/DataPath.v:424]
INFO: [Synth 8-6157] synthesizing module 'Immediate_Extender' [C:/Users/abs7346/Desktop/Project_aarya/Project_aarya.srcs/sources_1/new/DataPath.v:472]
INFO: [Synth 8-6155] done synthesizing module 'Immediate_Extender' (0#1) [C:/Users/abs7346/Desktop/Project_aarya/Project_aarya.srcs/sources_1/new/DataPath.v:472]
INFO: [Synth 8-6157] synthesizing module 'ID_EXE_Pipeline' [C:/Users/abs7346/Desktop/Project_aarya/Project_aarya.srcs/sources_1/new/DataPath.v:522]
INFO: [Synth 8-6155] done synthesizing module 'ID_EXE_Pipeline' (0#1) [C:/Users/abs7346/Desktop/Project_aarya/Project_aarya.srcs/sources_1/new/DataPath.v:522]
INFO: [Synth 8-6157] synthesizing module 'ALU_Mux' [C:/Users/abs7346/Desktop/Project_aarya/Project_aarya.srcs/sources_1/new/DataPath.v:560]
INFO: [Synth 8-6155] done synthesizing module 'ALU_Mux' (0#1) [C:/Users/abs7346/Desktop/Project_aarya/Project_aarya.srcs/sources_1/new/DataPath.v:560]
INFO: [Synth 8-6157] synthesizing module 'ALU' [C:/Users/abs7346/Desktop/Project_aarya/Project_aarya.srcs/sources_1/new/DataPath.v:576]
INFO: [Synth 8-6155] done synthesizing module 'ALU' (0#1) [C:/Users/abs7346/Desktop/Project_aarya/Project_aarya.srcs/sources_1/new/DataPath.v:576]
INFO: [Synth 8-6157] synthesizing module 'EXE_MEM_Pipeline' [C:/Users/abs7346/Desktop/Project_aarya/Project_aarya.srcs/sources_1/new/DataPath.v:596]
INFO: [Synth 8-6155] done synthesizing module 'EXE_MEM_Pipeline' (0#1) [C:/Users/abs7346/Desktop/Project_aarya/Project_aarya.srcs/sources_1/new/DataPath.v:596]
INFO: [Synth 8-6157] synthesizing module 'DataMemory' [C:/Users/abs7346/Desktop/Project_aarya/Project_aarya.srcs/sources_1/new/DataPath.v:625]
INFO: [Synth 8-6155] done synthesizing module 'DataMemory' (0#1) [C:/Users/abs7346/Desktop/Project_aarya/Project_aarya.srcs/sources_1/new/DataPath.v:625]
INFO: [Synth 8-6157] synthesizing module 'MEM_WB_Pipeline' [C:/Users/abs7346/Desktop/Project_aarya/Project_aarya.srcs/sources_1/new/DataPath.v:669]
INFO: [Synth 8-6155] done synthesizing module 'MEM_WB_Pipeline' (0#1) [C:/Users/abs7346/Desktop/Project_aarya/Project_aarya.srcs/sources_1/new/DataPath.v:669]
INFO: [Synth 8-6157] synthesizing module 'WB_Mux' [C:/Users/abs7346/Desktop/Project_aarya/Project_aarya.srcs/sources_1/new/DataPath.v:693]
INFO: [Synth 8-6155] done synthesizing module 'WB_Mux' (0#1) [C:/Users/abs7346/Desktop/Project_aarya/Project_aarya.srcs/sources_1/new/DataPath.v:693]
INFO: [Synth 8-6157] synthesizing module 'ForwardingUnit' [C:/Users/abs7346/Desktop/Project_aarya/Project_aarya.srcs/sources_1/new/DataPath.v:482]
INFO: [Synth 8-6155] done synthesizing module 'ForwardingUnit' (0#1) [C:/Users/abs7346/Desktop/Project_aarya/Project_aarya.srcs/sources_1/new/DataPath.v:482]
INFO: [Synth 8-6155] done synthesizing module 'DataPath' (0#1) [C:/Users/abs7346/Desktop/Project_aarya/Project_aarya.srcs/sources_1/new/DataPath.v:23]
WARNING: [Synth 8-3848] Net qa_regfile in module/entity DataPath does not have driver. [C:/Users/abs7346/Desktop/Project_aarya/Project_aarya.srcs/sources_1/new/DataPath.v:56]
WARNING: [Synth 8-3848] Net qb_regfile in module/entity DataPath does not have driver. [C:/Users/abs7346/Desktop/Project_aarya/Project_aarya.srcs/sources_1/new/DataPath.v:57]
WARNING: [Synth 8-7129] Port mr[31] in module DataMemory is either unconnected or has no load
WARNING: [Synth 8-7129] Port mr[30] in module DataMemory is either unconnected or has no load
WARNING: [Synth 8-7129] Port mr[29] in module DataMemory is either unconnected or has no load
WARNING: [Synth 8-7129] Port mr[28] in module DataMemory is either unconnected or has no load
WARNING: [Synth 8-7129] Port mr[27] in module DataMemory is either unconnected or has no load
WARNING: [Synth 8-7129] Port mr[26] in module DataMemory is either unconnected or has no load
WARNING: [Synth 8-7129] Port mr[25] in module DataMemory is either unconnected or has no load
WARNING: [Synth 8-7129] Port mr[24] in module DataMemory is either unconnected or has no load
WARNING: [Synth 8-7129] Port mr[23] in module DataMemory is either unconnected or has no load
WARNING: [Synth 8-7129] Port mr[22] in module DataMemory is either unconnected or has no load
WARNING: [Synth 8-7129] Port mr[21] in module DataMemory is either unconnected or has no load
WARNING: [Synth 8-7129] Port mr[20] in module DataMemory is either unconnected or has no load
WARNING: [Synth 8-7129] Port mr[19] in module DataMemory is either unconnected or has no load
WARNING: [Synth 8-7129] Port mr[18] in module DataMemory is either unconnected or has no load
WARNING: [Synth 8-7129] Port mr[17] in module DataMemory is either unconnected or has no load
WARNING: [Synth 8-7129] Port mr[16] in module DataMemory is either unconnected or has no load
WARNING: [Synth 8-7129] Port mr[15] in module DataMemory is either unconnected or has no load
WARNING: [Synth 8-7129] Port mr[14] in module DataMemory is either unconnected or has no load
WARNING: [Synth 8-7129] Port mr[13] in module DataMemory is either unconnected or has no load
WARNING: [Synth 8-7129] Port mr[12] in module DataMemory is either unconnected or has no load
WARNING: [Synth 8-7129] Port mr[11] in module DataMemory is either unconnected or has no load
WARNING: [Synth 8-7129] Port mr[10] in module DataMemory is either unconnected or has no load
WARNING: [Synth 8-7129] Port mr[9] in module DataMemory is either unconnected or has no load
WARNING: [Synth 8-7129] Port mr[8] in module DataMemory is either unconnected or has no load
WARNING: [Synth 8-7129] Port mr[1] in module DataMemory is either unconnected or has no load
WARNING: [Synth 8-7129] Port mr[0] in module DataMemory is either unconnected or has no load
WARNING: [Synth 8-7129] Port pc[31] in module InstructionMemory is either unconnected or has no load
WARNING: [Synth 8-7129] Port pc[30] in module InstructionMemory is either unconnected or has no load
WARNING: [Synth 8-7129] Port pc[29] in module InstructionMemory is either unconnected or has no load
WARNING: [Synth 8-7129] Port pc[28] in module InstructionMemory is either unconnected or has no load
WARNING: [Synth 8-7129] Port pc[27] in module InstructionMemory is either unconnected or has no load
WARNING: [Synth 8-7129] Port pc[26] in module InstructionMemory is either unconnected or has no load
WARNING: [Synth 8-7129] Port pc[25] in module InstructionMemory is either unconnected or has no load
WARNING: [Synth 8-7129] Port pc[24] in module InstructionMemory is either unconnected or has no load
WARNING: [Synth 8-7129] Port pc[23] in module InstructionMemory is either unconnected or has no load
WARNING: [Synth 8-7129] Port pc[22] in module InstructionMemory is either unconnected or has no load
WARNING: [Synth 8-7129] Port pc[21] in module InstructionMemory is either unconnected or has no load
WARNING: [Synth 8-7129] Port pc[20] in module InstructionMemory is either unconnected or has no load
WARNING: [Synth 8-7129] Port pc[19] in module InstructionMemory is either unconnected or has no load
WARNING: [Synth 8-7129] Port pc[18] in module InstructionMemory is either unconnected or has no load
WARNING: [Synth 8-7129] Port pc[17] in module InstructionMemory is either unconnected or has no load
WARNING: [Synth 8-7129] Port pc[16] in module InstructionMemory is either unconnected or has no load
WARNING: [Synth 8-7129] Port pc[15] in module InstructionMemory is either unconnected or has no load
WARNING: [Synth 8-7129] Port pc[14] in module InstructionMemory is either unconnected or has no load
WARNING: [Synth 8-7129] Port pc[13] in module InstructionMemory is either unconnected or has no load
WARNING: [Synth 8-7129] Port pc[12] in module InstructionMemory is either unconnected or has no load
WARNING: [Synth 8-7129] Port pc[11] in module InstructionMemory is either unconnected or has no load
WARNING: [Synth 8-7129] Port pc[10] in module InstructionMemory is either unconnected or has no load
WARNING: [Synth 8-7129] Port pc[9] in module InstructionMemory is either unconnected or has no load
WARNING: [Synth 8-7129] Port pc[8] in module InstructionMemory is either unconnected or has no load
WARNING: [Synth 8-7129] Port pc[1] in module InstructionMemory is either unconnected or has no load
WARNING: [Synth 8-7129] Port pc[0] in module InstructionMemory is either unconnected or has no load
WARNING: [Synth 8-7129] Port qa_regfile[31] in module DataPath is either unconnected or has no load
WARNING: [Synth 8-7129] Port qa_regfile[30] in module DataPath is either unconnected or has no load
WARNING: [Synth 8-7129] Port qa_regfile[29] in module DataPath is either unconnected or has no load
WARNING: [Synth 8-7129] Port qa_regfile[28] in module DataPath is either unconnected or has no load
WARNING: [Synth 8-7129] Port qa_regfile[27] in module DataPath is either unconnected or has no load
WARNING: [Synth 8-7129] Port qa_regfile[26] in module DataPath is either unconnected or has no load
WARNING: [Synth 8-7129] Port qa_regfile[25] in module DataPath is either unconnected or has no load
WARNING: [Synth 8-7129] Port qa_regfile[24] in module DataPath is either unconnected or has no load
WARNING: [Synth 8-7129] Port qa_regfile[23] in module DataPath is either unconnected or has no load
WARNING: [Synth 8-7129] Port qa_regfile[22] in module DataPath is either unconnected or has no load
WARNING: [Synth 8-7129] Port qa_regfile[21] in module DataPath is either unconnected or has no load
WARNING: [Synth 8-7129] Port qa_regfile[20] in module DataPath is either unconnected or has no load
WARNING: [Synth 8-7129] Port qa_regfile[19] in module DataPath is either unconnected or has no load
WARNING: [Synth 8-7129] Port qa_regfile[18] in module DataPath is either unconnected or has no load
WARNING: [Synth 8-7129] Port qa_regfile[17] in module DataPath is either unconnected or has no load
WARNING: [Synth 8-7129] Port qa_regfile[16] in module DataPath is either unconnected or has no load
WARNING: [Synth 8-7129] Port qa_regfile[15] in module DataPath is either unconnected or has no load
WARNING: [Synth 8-7129] Port qa_regfile[14] in module DataPath is either unconnected or has no load
WARNING: [Synth 8-7129] Port qa_regfile[13] in module DataPath is either unconnected or has no load
WARNING: [Synth 8-7129] Port qa_regfile[12] in module DataPath is either unconnected or has no load
WARNING: [Synth 8-7129] Port qa_regfile[11] in module DataPath is either unconnected or has no load
WARNING: [Synth 8-7129] Port qa_regfile[10] in module DataPath is either unconnected or has no load
WARNING: [Synth 8-7129] Port qa_regfile[9] in module DataPath is either unconnected or has no load
WARNING: [Synth 8-7129] Port qa_regfile[8] in module DataPath is either unconnected or has no load
WARNING: [Synth 8-7129] Port qa_regfile[7] in module DataPath is either unconnected or has no load
WARNING: [Synth 8-7129] Port qa_regfile[6] in module DataPath is either unconnected or has no load
WARNING: [Synth 8-7129] Port qa_regfile[5] in module DataPath is either unconnected or has no load
WARNING: [Synth 8-7129] Port qa_regfile[4] in module DataPath is either unconnected or has no load
WARNING: [Synth 8-7129] Port qa_regfile[3] in module DataPath is either unconnected or has no load
WARNING: [Synth 8-7129] Port qa_regfile[2] in module DataPath is either unconnected or has no load
WARNING: [Synth 8-7129] Port qa_regfile[1] in module DataPath is either unconnected or has no load
WARNING: [Synth 8-7129] Port qa_regfile[0] in module DataPath is either unconnected or has no load
WARNING: [Synth 8-7129] Port qb_regfile[31] in module DataPath is either unconnected or has no load
WARNING: [Synth 8-7129] Port qb_regfile[30] in module DataPath is either unconnected or has no load
WARNING: [Synth 8-7129] Port qb_regfile[29] in module DataPath is either unconnected or has no load
WARNING: [Synth 8-7129] Port qb_regfile[28] in module DataPath is either unconnected or has no load
WARNING: [Synth 8-7129] Port qb_regfile[27] in module DataPath is either unconnected or has no load
WARNING: [Synth 8-7129] Port qb_regfile[26] in module DataPath is either unconnected or has no load
WARNING: [Synth 8-7129] Port qb_regfile[25] in module DataPath is either unconnected or has no load
WARNING: [Synth 8-7129] Port qb_regfile[24] in module DataPath is either unconnected or has no load
WARNING: [Synth 8-7129] Port qb_regfile[23] in module DataPath is either unconnected or has no load
WARNING: [Synth 8-7129] Port qb_regfile[22] in module DataPath is either unconnected or has no load
WARNING: [Synth 8-7129] Port qb_regfile[21] in module DataPath is either unconnected or has no load
WARNING: [Synth 8-7129] Port qb_regfile[20] in module DataPath is either unconnected or has no load
WARNING: [Synth 8-7129] Port qb_regfile[19] in module DataPath is either unconnected or has no load
WARNING: [Synth 8-7129] Port qb_regfile[18] in module DataPath is either unconnected or has no load
WARNING: [Synth 8-7129] Port qb_regfile[17] in module DataPath is either unconnected or has no load
WARNING: [Synth 8-7129] Port qb_regfile[16] in module DataPath is either unconnected or has no load
INFO: [Common 17-14] Message 'Synth 8-7129' appears 100 times and further instances of the messages will be disabled. Use the Tcl command set_msg_config to change the current settings.
---------------------------------------------------------------------------------
Finished RTL Elaboration : Time (s): cpu = 00:00:04 ; elapsed = 00:00:04 . Memory (MB): peak = 2839.086 ; gain = 0.000
---------------------------------------------------------------------------------
---------------------------------------------------------------------------------
Start Handling Custom Attributes
---------------------------------------------------------------------------------
---------------------------------------------------------------------------------
Finished Handling Custom Attributes : Time (s): cpu = 00:00:04 ; elapsed = 00:00:05 . Memory (MB): peak = 2839.086 ; gain = 0.000
---------------------------------------------------------------------------------
---------------------------------------------------------------------------------
Finished RTL Optimization Phase 1 : Time (s): cpu = 00:00:04 ; elapsed = 00:00:05 . Memory (MB): peak = 2839.086 ; gain = 0.000
---------------------------------------------------------------------------------
Netlist sorting complete. Time (s): cpu = 00:00:00 ; elapsed = 00:00:00.007 . Memory (MB): peak = 2839.086 ; gain = 0.000
INFO: [Project 1-570] Preparing netlist for logic optimization

Processing XDC Constraints
Initializing timing engine
Completed Processing XDC Constraints

Netlist sorting complete. Time (s): cpu = 00:00:00 ; elapsed = 00:00:00.001 . Memory (MB): peak = 2839.086 ; gain = 0.000
INFO: [Project 1-111] Unisim Transformation Summary:
No Unisim elements were transformed.

RTL Elaboration Complete:  : Time (s): cpu = 00:00:11 ; elapsed = 00:00:07 . Memory (MB): peak = 2839.086 ; gain = 0.000
44 Infos, 102 Warnings, 0 Critical Warnings and 0 Errors encountered.
synth_design completed successfully
synth_design: Time (s): cpu = 00:00:14 ; elapsed = 00:00:15 . Memory (MB): peak = 2839.086 ; gain = 162.891
close_sim
INFO: [Simtcl 6-16] Simulation closed
launch_simulation
Command: launch_simulation 
INFO: [Vivado 12-12493] Simulation top is 'testbench'
WARNING: [Vivado 12-13340] Unable to auto find GCC executables from simulator install path! (path not set)
INFO: [Vivado 12-5682] Launching behavioral simulation in 'C:/Users/abs7346/Desktop/Project_aarya/Project_aarya.sim/sim_1/behav/xsim'
INFO: [SIM-utils-51] Simulation object is 'sim_1'
INFO: [SIM-utils-72] Using boost library from 'C:/Xilinx/Vivado/2024.1/tps/boost_1_72_0'
INFO: [SIM-utils-54] Inspecting design source files for 'testbench' in fileset 'sim_1'...
INFO: [USF-XSim-97] Finding global include files...
INFO: [USF-XSim-98] Fetching design files from 'sim_1'...
INFO: [USF-XSim-2] XSim::Compile design
INFO: [USF-XSim-61] Executing 'COMPILE and ANALYZE' step in 'C:/Users/abs7346/Desktop/Project_aarya/Project_aarya.sim/sim_1/behav/xsim'
"xvlog --incr --relax -prj testbench_vlog.prj"
INFO: [USF-XSim-69] 'compile' step finished in '2' seconds
INFO: [USF-XSim-3] XSim::Elaborate design
INFO: [USF-XSim-61] Executing 'ELABORATE' step in 'C:/Users/abs7346/Desktop/Project_aarya/Project_aarya.sim/sim_1/behav/xsim'
"xelab --incr --debug typical --relax --mt 2 -L xil_defaultlib -L unisims_ver -L unimacro_ver -L secureip --snapshot testbench_behav xil_defaultlib.testbench xil_defaultlib.glbl -log elaborate.log"
Vivado Simulator v2024.1
Copyright 1986-2022 Xilinx, Inc. All Rights Reserved.
Copyright 2022-2024 Advanced Micro Devices, Inc. All Rights Reserved.
Running: C:/Xilinx/Vivado/2024.1/bin/unwrapped/win64.o/xelab.exe --incr --debug typical --relax --mt 2 -L xil_defaultlib -L unisims_ver -L unimacro_ver -L secureip --snapshot testbench_behav xil_defaultlib.testbench xil_defaultlib.glbl -log elaborate.log 
Using 2 slave threads.
Starting static elaboration
Pass Through NonSizing Optimizer
Completed static elaboration
INFO: [XSIM 43-4323] No Change in HDL. Linking previously generated obj files to create kernel
INFO: [USF-XSim-69] 'elaborate' step finished in '1' seconds
INFO: [USF-XSim-4] XSim::Simulate design
INFO: [USF-XSim-61] Executing 'SIMULATE' step in 'C:/Users/abs7346/Desktop/Project_aarya/Project_aarya.sim/sim_1/behav/xsim'
INFO: [USF-XSim-98] *** Running xsim
   with args "testbench_behav -key {Behavioral:sim_1:Functional:testbench} -tclbatch {testbench.tcl} -log {simulate.log}"
INFO: [USF-XSim-8] Loading simulator feature
Time resolution is 1 ps
source testbench.tcl
# set curr_wave [current_wave_config]
# if { [string length $curr_wave] == 0 } {
#   if { [llength [get_objects]] > 0} {
#     add_wave /
#     set_property needs_save false [current_wave_config]
#   } else {
#      send_msg_id Add_Wave-1 WARNING "No top level signals found. Simulator will start without a wave window. If you want to open a wave window go to 'File->New Waveform Configuration' or type 'create_wave_config' in the TCL console."
#   }
# }
# run 1000ns
INFO: [USF-XSim-96] XSim completed. Design snapshot 'testbench_behav' loaded.
INFO: [USF-XSim-97] XSim simulation ran for 1000ns
WARNING: [filemgmt 56-199] Attempt to get parsing info during refresh. "On-the-fly" syntax checking information may be incorrect. [C:\Users\abs7346\Desktop\Project_aarya\Project_aarya.srcs\sources_1\new\DataPath.v:]
WARNING: [filemgmt 56-199] Attempt to get parsing info during refresh. "On-the-fly" syntax checking information may be incorrect. [C:\Users\abs7346\Desktop\Project_aarya\Project_aarya.srcs\sim_1\new\testbench.v:]
WARNING: [filemgmt 56-199] Attempt to get parsing info during refresh. "On-the-fly" syntax checking information may be incorrect. [C:\Users\abs7346\Desktop\Project_aarya\Project_aarya.srcs\sim_1\new\testbench.v:]
WARNING: [filemgmt 56-199] Attempt to get parsing info during refresh. "On-the-fly" syntax checking information may be incorrect. [C:\Users\abs7346\Desktop\Project_aarya\Project_aarya.srcs\sim_1\new\testbench.v:]
ERROR: [Common 17-180] Spawn failed: No error
close_sim
INFO: [Simtcl 6-16] Simulation closed
launch_simulation
Command: launch_simulation 
INFO: [Vivado 12-12493] Simulation top is 'testbench'
WARNING: [Vivado 12-13340] Unable to auto find GCC executables from simulator install path! (path not set)
INFO: [Vivado 12-5682] Launching behavioral simulation in 'C:/Users/abs7346/Desktop/Project_aarya/Project_aarya.sim/sim_1/behav/xsim'
INFO: [SIM-utils-51] Simulation object is 'sim_1'
INFO: [SIM-utils-72] Using boost library from 'C:/Xilinx/Vivado/2024.1/tps/boost_1_72_0'
INFO: [SIM-utils-54] Inspecting design source files for 'testbench' in fileset 'sim_1'...
INFO: [USF-XSim-97] Finding global include files...
INFO: [USF-XSim-98] Fetching design files from 'sim_1'...
INFO: [USF-XSim-2] XSim::Compile design
INFO: [USF-XSim-61] Executing 'COMPILE and ANALYZE' step in 'C:/Users/abs7346/Desktop/Project_aarya/Project_aarya.sim/sim_1/behav/xsim'
"xvlog --incr --relax -prj testbench_vlog.prj"
INFO: [VRFC 10-2263] Analyzing Verilog file "C:/Users/abs7346/Desktop/Project_aarya/Project_aarya.srcs/sources_1/new/DataPath.v" into library xil_defaultlib
INFO: [VRFC 10-311] analyzing module DataPath
INFO: [VRFC 10-311] analyzing module ProgramCounter
INFO: [VRFC 10-311] analyzing module InstructionMemory
INFO: [VRFC 10-311] analyzing module PCAdder
INFO: [VRFC 10-311] analyzing module IFID_PipelineRegister
INFO: [VRFC 10-311] analyzing module Control_Unit
INFO: [VRFC 10-311] analyzing module Regrt_MUX
INFO: [VRFC 10-311] analyzing module Register_File
INFO: [VRFC 10-311] analyzing module Immediate_Extender
INFO: [VRFC 10-311] analyzing module ForwardingUnit
INFO: [VRFC 10-311] analyzing module ID_EXE_Pipeline
INFO: [VRFC 10-311] analyzing module ALU_Mux
INFO: [VRFC 10-311] analyzing module ALU
INFO: [VRFC 10-311] analyzing module EXE_MEM_Pipeline
INFO: [VRFC 10-311] analyzing module DataMemory
INFO: [VRFC 10-311] analyzing module MEM_WB_Pipeline
INFO: [VRFC 10-311] analyzing module WB_Mux
INFO: [VRFC 10-2263] Analyzing Verilog file "C:/Users/abs7346/Desktop/Project_aarya/Project_aarya.srcs/sim_1/new/testbench.v" into library xil_defaultlib
INFO: [VRFC 10-311] analyzing module testbench
ERROR: [VRFC 10-4982] syntax error near ';' [C:/Users/abs7346/Desktop/Project_aarya/Project_aarya.srcs/sim_1/new/testbench.v:89]
WARNING: [VRFC 10-8956] extra semicolon is not allowed here in this dialect; use SystemVerilog mode instead [C:/Users/abs7346/Desktop/Project_aarya/Project_aarya.srcs/sim_1/new/testbench.v:91]
ERROR: [VRFC 10-8530] module 'testbench' is ignored due to previous errors [C:/Users/abs7346/Desktop/Project_aarya/Project_aarya.srcs/sim_1/new/testbench.v:22]
INFO: [USF-XSim-69] 'compile' step finished in '1' seconds
INFO: [USF-XSim-99] Step results log file:'C:/Users/abs7346/Desktop/Project_aarya/Project_aarya.sim/sim_1/behav/xsim/xvlog.log'
ERROR: [USF-XSim-62] 'compile' step failed with error(s). Please check the Tcl console output or 'C:/Users/abs7346/Desktop/Project_aarya/Project_aarya.sim/sim_1/behav/xsim/xvlog.log' file for more information.
ERROR: [Vivado 12-4473] Detected error while running simulation. Please correct the issue and retry this operation.
ERROR: [Common 17-39] 'launch_simulation' failed due to earlier errors.
WARNING: [filemgmt 56-199] Attempt to get parsing info during refresh. "On-the-fly" syntax checking information may be incorrect. [C:\Users\abs7346\Desktop\Project_aarya\Project_aarya.srcs\sources_1\new\DataPath.v:]
WARNING: [filemgmt 56-199] Attempt to get parsing info during refresh. "On-the-fly" syntax checking information may be incorrect. [C:\Users\abs7346\Desktop\Project_aarya\Project_aarya.srcs\sim_1\new\testbench.v:]
WARNING: [filemgmt 56-199] Attempt to get parsing info during refresh. "On-the-fly" syntax checking information may be incorrect. [C:\Users\abs7346\Desktop\Project_aarya\Project_aarya.srcs\sim_1\new\testbench.v:]
WARNING: [filemgmt 56-199] Attempt to get parsing info during refresh. "On-the-fly" syntax checking information may be incorrect. [C:\Users\abs7346\Desktop\Project_aarya\Project_aarya.srcs\sim_1\new\testbench.v:]
ERROR: [Common 17-180] Spawn failed: No error
launch_simulation
Command: launch_simulation 
INFO: [Vivado 12-12493] Simulation top is 'testbench'
WARNING: [Vivado 12-13340] Unable to auto find GCC executables from simulator install path! (path not set)
INFO: [Vivado 12-5682] Launching behavioral simulation in 'C:/Users/abs7346/Desktop/Project_aarya/Project_aarya.sim/sim_1/behav/xsim'
INFO: [SIM-utils-51] Simulation object is 'sim_1'
INFO: [SIM-utils-72] Using boost library from 'C:/Xilinx/Vivado/2024.1/tps/boost_1_72_0'
INFO: [SIM-utils-54] Inspecting design source files for 'testbench' in fileset 'sim_1'...
INFO: [USF-XSim-97] Finding global include files...
INFO: [USF-XSim-98] Fetching design files from 'sim_1'...
INFO: [USF-XSim-2] XSim::Compile design
INFO: [USF-XSim-61] Executing 'COMPILE and ANALYZE' step in 'C:/Users/abs7346/Desktop/Project_aarya/Project_aarya.sim/sim_1/behav/xsim'
"xvlog --incr --relax -prj testbench_vlog.prj"
INFO: [VRFC 10-2263] Analyzing Verilog file "C:/Users/abs7346/Desktop/Project_aarya/Project_aarya.srcs/sources_1/new/DataPath.v" into library xil_defaultlib
INFO: [VRFC 10-311] analyzing module DataPath
INFO: [VRFC 10-311] analyzing module ProgramCounter
INFO: [VRFC 10-311] analyzing module InstructionMemory
INFO: [VRFC 10-311] analyzing module PCAdder
INFO: [VRFC 10-311] analyzing module IFID_PipelineRegister
INFO: [VRFC 10-311] analyzing module Control_Unit
INFO: [VRFC 10-311] analyzing module Regrt_MUX
INFO: [VRFC 10-311] analyzing module Register_File
INFO: [VRFC 10-311] analyzing module Immediate_Extender
INFO: [VRFC 10-311] analyzing module ForwardingUnit
INFO: [VRFC 10-311] analyzing module ID_EXE_Pipeline
INFO: [VRFC 10-311] analyzing module ALU_Mux
INFO: [VRFC 10-311] analyzing module ALU
INFO: [VRFC 10-311] analyzing module EXE_MEM_Pipeline
INFO: [VRFC 10-311] analyzing module DataMemory
INFO: [VRFC 10-311] analyzing module MEM_WB_Pipeline
INFO: [VRFC 10-311] analyzing module WB_Mux
INFO: [VRFC 10-2263] Analyzing Verilog file "C:/Users/abs7346/Desktop/Project_aarya/Project_aarya.srcs/sim_1/new/testbench.v" into library xil_defaultlib
INFO: [VRFC 10-311] analyzing module testbench
INFO: [USF-XSim-69] 'compile' step finished in '2' seconds
INFO: [USF-XSim-3] XSim::Elaborate design
INFO: [USF-XSim-61] Executing 'ELABORATE' step in 'C:/Users/abs7346/Desktop/Project_aarya/Project_aarya.sim/sim_1/behav/xsim'
"xelab --incr --debug typical --relax --mt 2 -L xil_defaultlib -L unisims_ver -L unimacro_ver -L secureip --snapshot testbench_behav xil_defaultlib.testbench xil_defaultlib.glbl -log elaborate.log"
Vivado Simulator v2024.1
Copyright 1986-2022 Xilinx, Inc. All Rights Reserved.
Copyright 2022-2024 Advanced Micro Devices, Inc. All Rights Reserved.
Running: C:/Xilinx/Vivado/2024.1/bin/unwrapped/win64.o/xelab.exe --incr --debug typical --relax --mt 2 -L xil_defaultlib -L unisims_ver -L unimacro_ver -L secureip --snapshot testbench_behav xil_defaultlib.testbench xil_defaultlib.glbl -log elaborate.log 
Using 2 slave threads.
Starting static elaboration
Pass Through NonSizing Optimizer
Completed static elaboration
Starting simulation data flow analysis
Completed simulation data flow analysis
Time Resolution for simulation is 1ps
Compiling module xil_defaultlib.ProgramCounter
Compiling module xil_defaultlib.InstructionMemory
Compiling module xil_defaultlib.PCAdder
Compiling module xil_defaultlib.IFID_PipelineRegister
Compiling module xil_defaultlib.Control_Unit
Compiling module xil_defaultlib.Regrt_MUX
Compiling module xil_defaultlib.Register_File
Compiling module xil_defaultlib.Immediate_Extender
Compiling module xil_defaultlib.ID_EXE_Pipeline
Compiling module xil_defaultlib.ALU_Mux
Compiling module xil_defaultlib.ALU
Compiling module xil_defaultlib.EXE_MEM_Pipeline
Compiling module xil_defaultlib.DataMemory
Compiling module xil_defaultlib.MEM_WB_Pipeline
Compiling module xil_defaultlib.WB_Mux
Compiling module xil_defaultlib.ForwardingUnit
Compiling module xil_defaultlib.DataPath
Compiling module xil_defaultlib.testbench
Compiling module xil_defaultlib.glbl
Built simulation snapshot testbench_behav
INFO: [USF-XSim-69] 'elaborate' step finished in '3' seconds
INFO: [USF-XSim-4] XSim::Simulate design
INFO: [USF-XSim-61] Executing 'SIMULATE' step in 'C:/Users/abs7346/Desktop/Project_aarya/Project_aarya.sim/sim_1/behav/xsim'
INFO: [USF-XSim-98] *** Running xsim
   with args "testbench_behav -key {Behavioral:sim_1:Functional:testbench} -tclbatch {testbench.tcl} -log {simulate.log}"
INFO: [USF-XSim-8] Loading simulator feature
Time resolution is 1 ps
source testbench.tcl
# set curr_wave [current_wave_config]
# if { [string length $curr_wave] == 0 } {
#   if { [llength [get_objects]] > 0} {
#     add_wave /
#     set_property needs_save false [current_wave_config]
#   } else {
#      send_msg_id Add_Wave-1 WARNING "No top level signals found. Simulator will start without a wave window. If you want to open a wave window go to 'File->New Waveform Configuration' or type 'create_wave_config' in the TCL console."
#   }
# }
# run 1000ns
INFO: [USF-XSim-96] XSim completed. Design snapshot 'testbench_behav' loaded.
INFO: [USF-XSim-97] XSim simulation ran for 1000ns
launch_simulation: Time (s): cpu = 00:00:02 ; elapsed = 00:00:06 . Memory (MB): peak = 3801.023 ; gain = 0.000
close_sim
INFO: [Simtcl 6-16] Simulation closed
launch_simulation
Command: launch_simulation 
INFO: [Vivado 12-12493] Simulation top is 'testbench'
WARNING: [Vivado 12-13340] Unable to auto find GCC executables from simulator install path! (path not set)
INFO: [Vivado 12-5682] Launching behavioral simulation in 'C:/Users/abs7346/Desktop/Project_aarya/Project_aarya.sim/sim_1/behav/xsim'
INFO: [SIM-utils-51] Simulation object is 'sim_1'
INFO: [SIM-utils-72] Using boost library from 'C:/Xilinx/Vivado/2024.1/tps/boost_1_72_0'
INFO: [SIM-utils-54] Inspecting design source files for 'testbench' in fileset 'sim_1'...
INFO: [USF-XSim-97] Finding global include files...
INFO: [USF-XSim-98] Fetching design files from 'sim_1'...
INFO: [USF-XSim-2] XSim::Compile design
INFO: [USF-XSim-61] Executing 'COMPILE and ANALYZE' step in 'C:/Users/abs7346/Desktop/Project_aarya/Project_aarya.sim/sim_1/behav/xsim'
"xvlog --incr --relax -prj testbench_vlog.prj"
INFO: [USF-XSim-69] 'compile' step finished in '2' seconds
INFO: [USF-XSim-3] XSim::Elaborate design
INFO: [USF-XSim-61] Executing 'ELABORATE' step in 'C:/Users/abs7346/Desktop/Project_aarya/Project_aarya.sim/sim_1/behav/xsim'
"xelab --incr --debug typical --relax --mt 2 -L xil_defaultlib -L unisims_ver -L unimacro_ver -L secureip --snapshot testbench_behav xil_defaultlib.testbench xil_defaultlib.glbl -log elaborate.log"
Vivado Simulator v2024.1
Copyright 1986-2022 Xilinx, Inc. All Rights Reserved.
Copyright 2022-2024 Advanced Micro Devices, Inc. All Rights Reserved.
Running: C:/Xilinx/Vivado/2024.1/bin/unwrapped/win64.o/xelab.exe --incr --debug typical --relax --mt 2 -L xil_defaultlib -L unisims_ver -L unimacro_ver -L secureip --snapshot testbench_behav xil_defaultlib.testbench xil_defaultlib.glbl -log elaborate.log 
Using 2 slave threads.
Starting static elaboration
Pass Through NonSizing Optimizer
Completed static elaboration
INFO: [XSIM 43-4323] No Change in HDL. Linking previously generated obj files to create kernel
INFO: [USF-XSim-69] 'elaborate' step finished in '1' seconds
INFO: [USF-XSim-4] XSim::Simulate design
INFO: [USF-XSim-61] Executing 'SIMULATE' step in 'C:/Users/abs7346/Desktop/Project_aarya/Project_aarya.sim/sim_1/behav/xsim'
INFO: [USF-XSim-98] *** Running xsim
   with args "testbench_behav -key {Behavioral:sim_1:Functional:testbench} -tclbatch {testbench.tcl} -log {simulate.log}"
INFO: [USF-XSim-8] Loading simulator feature
Time resolution is 1 ps
source testbench.tcl
# set curr_wave [current_wave_config]
# if { [string length $curr_wave] == 0 } {
#   if { [llength [get_objects]] > 0} {
#     add_wave /
#     set_property needs_save false [current_wave_config]
#   } else {
#      send_msg_id Add_Wave-1 WARNING "No top level signals found. Simulator will start without a wave window. If you want to open a wave window go to 'File->New Waveform Configuration' or type 'create_wave_config' in the TCL console."
#   }
# }
# run 1000ns
INFO: [USF-XSim-96] XSim completed. Design snapshot 'testbench_behav' loaded.
INFO: [USF-XSim-97] XSim simulation ran for 1000ns
current_wave_config {Untitled 5}
Untitled 5
add_wave {{/testbench/dp/alu_mux}} 
WARNING: [filemgmt 56-199] Attempt to get parsing info during refresh. "On-the-fly" syntax checking information may be incorrect. [C:\Users\abs7346\Desktop\Project_aarya\Project_aarya.srcs\sources_1\new\DataPath.v:]
WARNING: [filemgmt 56-199] Attempt to get parsing info during refresh. "On-the-fly" syntax checking information may be incorrect. [C:\Users\abs7346\Desktop\Project_aarya\Project_aarya.srcs\sim_1\new\testbench.v:]
WARNING: [filemgmt 56-199] Attempt to get parsing info during refresh. "On-the-fly" syntax checking information may be incorrect. [C:\Users\abs7346\Desktop\Project_aarya\Project_aarya.srcs\sim_1\new\testbench.v:]
WARNING: [filemgmt 56-199] Attempt to get parsing info during refresh. "On-the-fly" syntax checking information may be incorrect. [C:\Users\abs7346\Desktop\Project_aarya\Project_aarya.srcs\sim_1\new\testbench.v:]
ERROR: [Common 17-180] Spawn failed: No error
close_sim
INFO: [Simtcl 6-16] Simulation closed
launch_simulation
Command: launch_simulation 
INFO: [Vivado 12-12493] Simulation top is 'testbench'
WARNING: [Vivado 12-13340] Unable to auto find GCC executables from simulator install path! (path not set)
INFO: [Vivado 12-5682] Launching behavioral simulation in 'C:/Users/abs7346/Desktop/Project_aarya/Project_aarya.sim/sim_1/behav/xsim'
INFO: [SIM-utils-51] Simulation object is 'sim_1'
INFO: [SIM-utils-72] Using boost library from 'C:/Xilinx/Vivado/2024.1/tps/boost_1_72_0'
INFO: [SIM-utils-54] Inspecting design source files for 'testbench' in fileset 'sim_1'...
INFO: [USF-XSim-97] Finding global include files...
INFO: [USF-XSim-98] Fetching design files from 'sim_1'...
INFO: [USF-XSim-2] XSim::Compile design
INFO: [USF-XSim-61] Executing 'COMPILE and ANALYZE' step in 'C:/Users/abs7346/Desktop/Project_aarya/Project_aarya.sim/sim_1/behav/xsim'
"xvlog --incr --relax -prj testbench_vlog.prj"
INFO: [VRFC 10-2263] Analyzing Verilog file "C:/Users/abs7346/Desktop/Project_aarya/Project_aarya.srcs/sources_1/new/DataPath.v" into library xil_defaultlib
INFO: [VRFC 10-311] analyzing module DataPath
INFO: [VRFC 10-311] analyzing module ProgramCounter
INFO: [VRFC 10-311] analyzing module InstructionMemory
INFO: [VRFC 10-311] analyzing module PCAdder
INFO: [VRFC 10-311] analyzing module IFID_PipelineRegister
INFO: [VRFC 10-311] analyzing module Control_Unit
INFO: [VRFC 10-311] analyzing module Regrt_MUX
INFO: [VRFC 10-311] analyzing module Register_File
INFO: [VRFC 10-311] analyzing module Immediate_Extender
INFO: [VRFC 10-311] analyzing module ForwardingUnit
INFO: [VRFC 10-311] analyzing module ID_EXE_Pipeline
INFO: [VRFC 10-311] analyzing module ALU_Mux
INFO: [VRFC 10-311] analyzing module ALU
INFO: [VRFC 10-311] analyzing module EXE_MEM_Pipeline
INFO: [VRFC 10-311] analyzing module DataMemory
INFO: [VRFC 10-311] analyzing module MEM_WB_Pipeline
INFO: [VRFC 10-311] analyzing module WB_Mux
INFO: [VRFC 10-2263] Analyzing Verilog file "C:/Users/abs7346/Desktop/Project_aarya/Project_aarya.srcs/sim_1/new/testbench.v" into library xil_defaultlib
INFO: [VRFC 10-311] analyzing module testbench
INFO: [USF-XSim-69] 'compile' step finished in '2' seconds
INFO: [USF-XSim-3] XSim::Elaborate design
INFO: [USF-XSim-61] Executing 'ELABORATE' step in 'C:/Users/abs7346/Desktop/Project_aarya/Project_aarya.sim/sim_1/behav/xsim'
"xelab --incr --debug typical --relax --mt 2 -L xil_defaultlib -L unisims_ver -L unimacro_ver -L secureip --snapshot testbench_behav xil_defaultlib.testbench xil_defaultlib.glbl -log elaborate.log"
Vivado Simulator v2024.1
Copyright 1986-2022 Xilinx, Inc. All Rights Reserved.
Copyright 2022-2024 Advanced Micro Devices, Inc. All Rights Reserved.
Running: C:/Xilinx/Vivado/2024.1/bin/unwrapped/win64.o/xelab.exe --incr --debug typical --relax --mt 2 -L xil_defaultlib -L unisims_ver -L unimacro_ver -L secureip --snapshot testbench_behav xil_defaultlib.testbench xil_defaultlib.glbl -log elaborate.log 
Using 2 slave threads.
Starting static elaboration
Pass Through NonSizing Optimizer
Completed static elaboration
Starting simulation data flow analysis
Completed simulation data flow analysis
Time Resolution for simulation is 1ps
Compiling module xil_defaultlib.ProgramCounter
Compiling module xil_defaultlib.InstructionMemory
Compiling module xil_defaultlib.PCAdder
Compiling module xil_defaultlib.IFID_PipelineRegister
Compiling module xil_defaultlib.Control_Unit
Compiling module xil_defaultlib.Regrt_MUX
Compiling module xil_defaultlib.Register_File
Compiling module xil_defaultlib.Immediate_Extender
Compiling module xil_defaultlib.ID_EXE_Pipeline
Compiling module xil_defaultlib.ALU_Mux
Compiling module xil_defaultlib.ALU
Compiling module xil_defaultlib.EXE_MEM_Pipeline
Compiling module xil_defaultlib.DataMemory
Compiling module xil_defaultlib.MEM_WB_Pipeline
Compiling module xil_defaultlib.WB_Mux
Compiling module xil_defaultlib.ForwardingUnit
Compiling module xil_defaultlib.DataPath
Compiling module xil_defaultlib.testbench
Compiling module xil_defaultlib.glbl
Built simulation snapshot testbench_behav
INFO: [USF-XSim-69] 'elaborate' step finished in '2' seconds
INFO: [USF-XSim-4] XSim::Simulate design
INFO: [USF-XSim-61] Executing 'SIMULATE' step in 'C:/Users/abs7346/Desktop/Project_aarya/Project_aarya.sim/sim_1/behav/xsim'
INFO: [USF-XSim-98] *** Running xsim
   with args "testbench_behav -key {Behavioral:sim_1:Functional:testbench} -tclbatch {testbench.tcl} -log {simulate.log}"
INFO: [USF-XSim-8] Loading simulator feature
Time resolution is 1 ps
source testbench.tcl
# set curr_wave [current_wave_config]
# if { [string length $curr_wave] == 0 } {
#   if { [llength [get_objects]] > 0} {
#     add_wave /
#     set_property needs_save false [current_wave_config]
#   } else {
#      send_msg_id Add_Wave-1 WARNING "No top level signals found. Simulator will start without a wave window. If you want to open a wave window go to 'File->New Waveform Configuration' or type 'create_wave_config' in the TCL console."
#   }
# }
# run 1000ns
INFO: [USF-XSim-96] XSim completed. Design snapshot 'testbench_behav' loaded.
INFO: [USF-XSim-97] XSim simulation ran for 1000ns
close_sim
INFO: [Simtcl 6-16] Simulation closed
exit
INFO: [Common 17-206] Exiting Vivado at Mon Apr 28 19:07:54 2025...
