
*** Running vivado
    with args -log DataPath.vds -m64 -product Vivado -mode batch -messageDb vivado.pb -notrace -source DataPath.tcl



****** Vivado v2024.1 (64-bit)
  **** SW Build 5076996 on Wed May 22 18:37:14 MDT 2024
  **** IP Build 5075265 on Wed May 22 21:45:21 MDT 2024
  **** SharedData Build 5076995 on Wed May 22 18:29:18 MDT 2024
  **** Start of session at: Sat May  3 10:44:57 2025
    ** Copyright 1986-2022 Xilinx, Inc. All Rights Reserved.
    ** Copyright 2022-2024 Advanced Micro Devices, Inc. All Rights Reserved.

source DataPath.tcl -notrace
Command: read_checkpoint -auto_incremental -incremental C:/Users/abs7346/Desktop/Project_aarya/Project_aarya.srcs/utils_1/imports/synth_1/DataPath.dcp
INFO: [Vivado 12-5825] Read reference checkpoint from C:/Users/abs7346/Desktop/Project_aarya/Project_aarya.srcs/utils_1/imports/synth_1/DataPath.dcp for incremental synthesis
INFO: [Vivado 12-7989] Please ensure there are no constraint changes
Command: synth_design -top DataPath -part xc7z010clg400-1
Starting synth_design
Attempting to get a license for feature 'Synthesis' and/or device 'xc7z010'
INFO: [Common 17-349] Got license for feature 'Synthesis' and/or device 'xc7z010'
INFO: [Designutils 20-5440] No compile time benefit to using incremental synthesis; A full resynthesis will be run
INFO: [Designutils 20-4379] Flow is switching to default flow due to incremental criteria not met. If you would like to alter this behaviour and have the flow terminate instead, please set the following parameter config_implementation {autoIncr.Synth.RejectBehavior Terminate}
INFO: [Synth 8-7079] Multithreading enabled for synth_design using a maximum of 2 processes.
INFO: [Synth 8-7078] Launching helper process for spawning children vivado processes
INFO: [Synth 8-7075] Helper process launched with PID 4292
---------------------------------------------------------------------------------
Starting Synthesize : Time (s): cpu = 00:00:03 ; elapsed = 00:00:03 . Memory (MB): peak = 975.711 ; gain = 449.438
---------------------------------------------------------------------------------
INFO: [Synth 8-6157] synthesizing module 'DataPath' [C:/Users/abs7346/Desktop/Project_aarya/Project_aarya.srcs/sources_1/new/DataPath.v:23]
INFO: [Synth 8-226] default block is never used [C:/Users/abs7346/Desktop/Project_aarya/Project_aarya.srcs/sources_1/new/DataPath.v:98]
INFO: [Synth 8-226] default block is never used [C:/Users/abs7346/Desktop/Project_aarya/Project_aarya.srcs/sources_1/new/DataPath.v:110]
INFO: [Synth 8-6157] synthesizing module 'ProgramCounter' [C:/Users/abs7346/Desktop/Project_aarya/Project_aarya.srcs/sources_1/new/DataPath.v:301]
INFO: [Synth 8-6155] done synthesizing module 'ProgramCounter' (0#1) [C:/Users/abs7346/Desktop/Project_aarya/Project_aarya.srcs/sources_1/new/DataPath.v:301]
INFO: [Synth 8-6157] synthesizing module 'InstructionMemory' [C:/Users/abs7346/Desktop/Project_aarya/Project_aarya.srcs/sources_1/new/DataPath.v:316]
INFO: [Synth 8-6155] done synthesizing module 'InstructionMemory' (0#1) [C:/Users/abs7346/Desktop/Project_aarya/Project_aarya.srcs/sources_1/new/DataPath.v:316]
INFO: [Synth 8-6157] synthesizing module 'PCAdder' [C:/Users/abs7346/Desktop/Project_aarya/Project_aarya.srcs/sources_1/new/DataPath.v:337]
INFO: [Synth 8-6155] done synthesizing module 'PCAdder' (0#1) [C:/Users/abs7346/Desktop/Project_aarya/Project_aarya.srcs/sources_1/new/DataPath.v:337]
INFO: [Synth 8-6157] synthesizing module 'IFID_PipelineRegister' [C:/Users/abs7346/Desktop/Project_aarya/Project_aarya.srcs/sources_1/new/DataPath.v:347]
INFO: [Synth 8-6155] done synthesizing module 'IFID_PipelineRegister' (0#1) [C:/Users/abs7346/Desktop/Project_aarya/Project_aarya.srcs/sources_1/new/DataPath.v:347]
INFO: [Synth 8-6157] synthesizing module 'Control_Unit' [C:/Users/abs7346/Desktop/Project_aarya/Project_aarya.srcs/sources_1/new/DataPath.v:360]
INFO: [Synth 8-6155] done synthesizing module 'Control_Unit' (0#1) [C:/Users/abs7346/Desktop/Project_aarya/Project_aarya.srcs/sources_1/new/DataPath.v:360]
INFO: [Synth 8-6157] synthesizing module 'Regrt_MUX' [C:/Users/abs7346/Desktop/Project_aarya/Project_aarya.srcs/sources_1/new/DataPath.v:443]
INFO: [Synth 8-6155] done synthesizing module 'Regrt_MUX' (0#1) [C:/Users/abs7346/Desktop/Project_aarya/Project_aarya.srcs/sources_1/new/DataPath.v:443]
INFO: [Synth 8-6157] synthesizing module 'Register_File' [C:/Users/abs7346/Desktop/Project_aarya/Project_aarya.srcs/sources_1/new/DataPath.v:459]
INFO: [Synth 8-6155] done synthesizing module 'Register_File' (0#1) [C:/Users/abs7346/Desktop/Project_aarya/Project_aarya.srcs/sources_1/new/DataPath.v:459]
INFO: [Synth 8-6157] synthesizing module 'Immediate_Extender' [C:/Users/abs7346/Desktop/Project_aarya/Project_aarya.srcs/sources_1/new/DataPath.v:507]
INFO: [Synth 8-6155] done synthesizing module 'Immediate_Extender' (0#1) [C:/Users/abs7346/Desktop/Project_aarya/Project_aarya.srcs/sources_1/new/DataPath.v:507]
INFO: [Synth 8-6157] synthesizing module 'ID_EXE_Pipeline' [C:/Users/abs7346/Desktop/Project_aarya/Project_aarya.srcs/sources_1/new/DataPath.v:557]
INFO: [Synth 8-6155] done synthesizing module 'ID_EXE_Pipeline' (0#1) [C:/Users/abs7346/Desktop/Project_aarya/Project_aarya.srcs/sources_1/new/DataPath.v:557]
INFO: [Synth 8-6157] synthesizing module 'ALU_Mux' [C:/Users/abs7346/Desktop/Project_aarya/Project_aarya.srcs/sources_1/new/DataPath.v:595]
INFO: [Synth 8-6155] done synthesizing module 'ALU_Mux' (0#1) [C:/Users/abs7346/Desktop/Project_aarya/Project_aarya.srcs/sources_1/new/DataPath.v:595]
INFO: [Synth 8-6157] synthesizing module 'ALU' [C:/Users/abs7346/Desktop/Project_aarya/Project_aarya.srcs/sources_1/new/DataPath.v:611]
INFO: [Synth 8-6155] done synthesizing module 'ALU' (0#1) [C:/Users/abs7346/Desktop/Project_aarya/Project_aarya.srcs/sources_1/new/DataPath.v:611]
INFO: [Synth 8-6157] synthesizing module 'EXE_MEM_Pipeline' [C:/Users/abs7346/Desktop/Project_aarya/Project_aarya.srcs/sources_1/new/DataPath.v:631]
INFO: [Synth 8-6155] done synthesizing module 'EXE_MEM_Pipeline' (0#1) [C:/Users/abs7346/Desktop/Project_aarya/Project_aarya.srcs/sources_1/new/DataPath.v:631]
INFO: [Synth 8-6157] synthesizing module 'DataMemory' [C:/Users/abs7346/Desktop/Project_aarya/Project_aarya.srcs/sources_1/new/DataPath.v:660]
INFO: [Synth 8-6155] done synthesizing module 'DataMemory' (0#1) [C:/Users/abs7346/Desktop/Project_aarya/Project_aarya.srcs/sources_1/new/DataPath.v:660]
INFO: [Synth 8-6157] synthesizing module 'MEM_WB_Pipeline' [C:/Users/abs7346/Desktop/Project_aarya/Project_aarya.srcs/sources_1/new/DataPath.v:704]
INFO: [Synth 8-6155] done synthesizing module 'MEM_WB_Pipeline' (0#1) [C:/Users/abs7346/Desktop/Project_aarya/Project_aarya.srcs/sources_1/new/DataPath.v:704]
INFO: [Synth 8-6157] synthesizing module 'WB_Mux' [C:/Users/abs7346/Desktop/Project_aarya/Project_aarya.srcs/sources_1/new/DataPath.v:728]
INFO: [Synth 8-6155] done synthesizing module 'WB_Mux' (0#1) [C:/Users/abs7346/Desktop/Project_aarya/Project_aarya.srcs/sources_1/new/DataPath.v:728]
INFO: [Synth 8-6157] synthesizing module 'ForwardingUnit' [C:/Users/abs7346/Desktop/Project_aarya/Project_aarya.srcs/sources_1/new/DataPath.v:517]
INFO: [Synth 8-6155] done synthesizing module 'ForwardingUnit' (0#1) [C:/Users/abs7346/Desktop/Project_aarya/Project_aarya.srcs/sources_1/new/DataPath.v:517]
INFO: [Synth 8-6155] done synthesizing module 'DataPath' (0#1) [C:/Users/abs7346/Desktop/Project_aarya/Project_aarya.srcs/sources_1/new/DataPath.v:23]
WARNING: [Synth 8-7129] Port mr[31] in module DataMemory is either unconnected or has no load
WARNING: [Synth 8-7129] Port mr[30] in module DataMemory is either unconnected or has no load
WARNING: [Synth 8-7129] Port mr[29] in module DataMemory is either unconnected or has no load
WARNING: [Synth 8-7129] Port mr[28] in module DataMemory is either unconnected or has no load
WARNING: [Synth 8-7129] Port mr[27] in module DataMemory is either unconnected or has no load
WARNING: [Synth 8-7129] Port mr[26] in module DataMemory is either unconnected or has no load
WARNING: [Synth 8-7129] Port mr[25] in module DataMemory is either unconnected or has no load
WARNING: [Synth 8-7129] Port mr[24] in module DataMemory is either unconnected or has no load
WARNING: [Synth 8-7129] Port mr[23] in module DataMemory is either unconnected or has no load
WARNING: [Synth 8-7129] Port mr[22] in module DataMemory is either unconnected or has no load
WARNING: [Synth 8-7129] Port mr[21] in module DataMemory is either unconnected or has no load
WARNING: [Synth 8-7129] Port mr[20] in module DataMemory is either unconnected or has no load
WARNING: [Synth 8-7129] Port mr[19] in module DataMemory is either unconnected or has no load
WARNING: [Synth 8-7129] Port mr[18] in module DataMemory is either unconnected or has no load
WARNING: [Synth 8-7129] Port mr[17] in module DataMemory is either unconnected or has no load
WARNING: [Synth 8-7129] Port mr[16] in module DataMemory is either unconnected or has no load
WARNING: [Synth 8-7129] Port mr[15] in module DataMemory is either unconnected or has no load
WARNING: [Synth 8-7129] Port mr[14] in module DataMemory is either unconnected or has no load
WARNING: [Synth 8-7129] Port mr[13] in module DataMemory is either unconnected or has no load
WARNING: [Synth 8-7129] Port mr[12] in module DataMemory is either unconnected or has no load
WARNING: [Synth 8-7129] Port mr[11] in module DataMemory is either unconnected or has no load
WARNING: [Synth 8-7129] Port mr[10] in module DataMemory is either unconnected or has no load
WARNING: [Synth 8-7129] Port mr[9] in module DataMemory is either unconnected or has no load
WARNING: [Synth 8-7129] Port mr[8] in module DataMemory is either unconnected or has no load
WARNING: [Synth 8-7129] Port mr[1] in module DataMemory is either unconnected or has no load
WARNING: [Synth 8-7129] Port mr[0] in module DataMemory is either unconnected or has no load
WARNING: [Synth 8-7129] Port pc[31] in module InstructionMemory is either unconnected or has no load
WARNING: [Synth 8-7129] Port pc[30] in module InstructionMemory is either unconnected or has no load
WARNING: [Synth 8-7129] Port pc[29] in module InstructionMemory is either unconnected or has no load
WARNING: [Synth 8-7129] Port pc[28] in module InstructionMemory is either unconnected or has no load
WARNING: [Synth 8-7129] Port pc[27] in module InstructionMemory is either unconnected or has no load
WARNING: [Synth 8-7129] Port pc[26] in module InstructionMemory is either unconnected or has no load
WARNING: [Synth 8-7129] Port pc[25] in module InstructionMemory is either unconnected or has no load
WARNING: [Synth 8-7129] Port pc[24] in module InstructionMemory is either unconnected or has no load
WARNING: [Synth 8-7129] Port pc[23] in module InstructionMemory is either unconnected or has no load
WARNING: [Synth 8-7129] Port pc[22] in module InstructionMemory is either unconnected or has no load
WARNING: [Synth 8-7129] Port pc[21] in module InstructionMemory is either unconnected or has no load
WARNING: [Synth 8-7129] Port pc[20] in module InstructionMemory is either unconnected or has no load
WARNING: [Synth 8-7129] Port pc[19] in module InstructionMemory is either unconnected or has no load
WARNING: [Synth 8-7129] Port pc[18] in module InstructionMemory is either unconnected or has no load
WARNING: [Synth 8-7129] Port pc[17] in module InstructionMemory is either unconnected or has no load
WARNING: [Synth 8-7129] Port pc[16] in module InstructionMemory is either unconnected or has no load
WARNING: [Synth 8-7129] Port pc[15] in module InstructionMemory is either unconnected or has no load
WARNING: [Synth 8-7129] Port pc[14] in module InstructionMemory is either unconnected or has no load
WARNING: [Synth 8-7129] Port pc[13] in module InstructionMemory is either unconnected or has no load
WARNING: [Synth 8-7129] Port pc[12] in module InstructionMemory is either unconnected or has no load
WARNING: [Synth 8-7129] Port pc[11] in module InstructionMemory is either unconnected or has no load
WARNING: [Synth 8-7129] Port pc[10] in module InstructionMemory is either unconnected or has no load
WARNING: [Synth 8-7129] Port pc[9] in module InstructionMemory is either unconnected or has no load
WARNING: [Synth 8-7129] Port pc[8] in module InstructionMemory is either unconnected or has no load
WARNING: [Synth 8-7129] Port pc[1] in module InstructionMemory is either unconnected or has no load
WARNING: [Synth 8-7129] Port pc[0] in module InstructionMemory is either unconnected or has no load
---------------------------------------------------------------------------------
Finished Synthesize : Time (s): cpu = 00:00:04 ; elapsed = 00:00:04 . Memory (MB): peak = 1086.652 ; gain = 560.379
---------------------------------------------------------------------------------
---------------------------------------------------------------------------------
Finished Constraint Validation : Time (s): cpu = 00:00:05 ; elapsed = 00:00:05 . Memory (MB): peak = 1086.652 ; gain = 560.379
---------------------------------------------------------------------------------
---------------------------------------------------------------------------------
Start Loading Part and Timing Information
---------------------------------------------------------------------------------
Loading part: xc7z010clg400-1
---------------------------------------------------------------------------------
Finished Loading Part and Timing Information : Time (s): cpu = 00:00:05 ; elapsed = 00:00:05 . Memory (MB): peak = 1086.652 ; gain = 560.379
---------------------------------------------------------------------------------
INFO: [Device 21-403] Loading part xc7z010clg400-1
---------------------------------------------------------------------------------
Finished RTL Optimization Phase 2 : Time (s): cpu = 00:00:05 ; elapsed = 00:00:05 . Memory (MB): peak = 1086.652 ; gain = 560.379
---------------------------------------------------------------------------------
No constraint files found.
---------------------------------------------------------------------------------
Start RTL Component Statistics 
---------------------------------------------------------------------------------
Detailed RTL Component Info : 
+---Adders : 
	   2 Input   32 Bit       Adders := 2     
	   3 Input   32 Bit       Adders := 1     
+---XORs : 
	   2 Input     32 Bit         XORs := 1     
+---Registers : 
	               32 Bit    Registers := 9     
	                5 Bit    Registers := 3     
	                4 Bit    Registers := 1     
	                1 Bit    Registers := 9     
+---RAMs : 
	             1024 Bit	(32 X 32 bit)          RAMs := 1     
+---Muxes : 
	   6 Input   32 Bit        Muxes := 1     
	   2 Input   32 Bit        Muxes := 2     
	   4 Input   32 Bit        Muxes := 2     
	   2 Input    5 Bit        Muxes := 1     
	   2 Input    4 Bit        Muxes := 1     
	   6 Input    4 Bit        Muxes := 1     
	   2 Input    2 Bit        Muxes := 4     
	   2 Input    1 Bit        Muxes := 1     
	   6 Input    1 Bit        Muxes := 1     
	   4 Input    1 Bit        Muxes := 4     
---------------------------------------------------------------------------------
Finished RTL Component Statistics 
---------------------------------------------------------------------------------
---------------------------------------------------------------------------------
Start Part Resource Summary
---------------------------------------------------------------------------------
INFO: [Device 21-9227] Part: xc7z010clg400-1 does not have CEAM library.
Part Resources:
DSPs: 80 (col length:40)
BRAMs: 120 (col length: RAMB18 40 RAMB36 20)
---------------------------------------------------------------------------------
Finished Part Resource Summary
---------------------------------------------------------------------------------
No constraint files found.
---------------------------------------------------------------------------------
Start Cross Boundary and Area Optimization
---------------------------------------------------------------------------------
WARNING: [Synth 8-7080] Parallel synthesis criteria is not met
---------------------------------------------------------------------------------
Finished Cross Boundary and Area Optimization : Time (s): cpu = 00:00:08 ; elapsed = 00:00:15 . Memory (MB): peak = 1277.785 ; gain = 751.512
---------------------------------------------------------------------------------
---------------------------------------------------------------------------------
Start ROM, RAM, DSP, Shift Register and Retiming Reporting
---------------------------------------------------------------------------------

Block RAM: Preliminary Mapping Report (see note below)
+------------+-------------------------+------------------------+---+---+------------------------+---+---+------------------+--------+--------+
|Module Name | RTL Object              | PORT A (Depth x Width) | W | R | PORT B (Depth x Width) | W | R | Ports driving FF | RAMB18 | RAMB36 | 
+------------+-------------------------+------------------------+---+---+------------------------+---+---+------------------+--------+--------+
|DataPath    | data_mem/dataMemory_reg | 64 x 32(READ_FIRST)    | W |   | 64 x 32(WRITE_FIRST)   |   | R | Port A and B     | 1      | 0      | 
+------------+-------------------------+------------------------+---+---+------------------------+---+---+------------------+--------+--------+

Note: The table above is a preliminary report that shows the Block RAMs at the current stage of the synthesis flow. Some Block RAMs may be reimplemented as non Block RAM primitives later in the synthesis flow. Multiple instantiated Block RAMs are reported only once. 

Distributed RAM: Preliminary Mapping Report (see note below)
+------------+------------------------+-----------+----------------------+--------------+
|Module Name | RTL Object             | Inference | Size (Depth x Width) | Primitives   | 
+------------+------------------------+-----------+----------------------+--------------+
|DataPath    | reg_file/registers_reg | Implied   | 32 x 32              | RAM32M x 12  | 
+------------+------------------------+-----------+----------------------+--------------+

Note: The table above is a preliminary report that shows the Distributed RAMs at the current stage of the synthesis flow. Some Distributed RAMs may be reimplemented as non Distributed RAM primitives later in the synthesis flow. Multiple instantiated RAMs are reported only once.
---------------------------------------------------------------------------------
Finished ROM, RAM, DSP, Shift Register and Retiming Reporting
---------------------------------------------------------------------------------
No constraint files found.
---------------------------------------------------------------------------------
Start Timing Optimization
---------------------------------------------------------------------------------
---------------------------------------------------------------------------------
Finished Timing Optimization : Time (s): cpu = 00:00:08 ; elapsed = 00:00:15 . Memory (MB): peak = 1277.785 ; gain = 751.512
---------------------------------------------------------------------------------
---------------------------------------------------------------------------------
Start ROM, RAM, DSP, Shift Register and Retiming Reporting
---------------------------------------------------------------------------------

Block RAM: Final Mapping Report
+------------+-------------------------+------------------------+---+---+------------------------+---+---+------------------+--------+--------+
|Module Name | RTL Object              | PORT A (Depth x Width) | W | R | PORT B (Depth x Width) | W | R | Ports driving FF | RAMB18 | RAMB36 | 
+------------+-------------------------+------------------------+---+---+------------------------+---+---+------------------+--------+--------+
|DataPath    | data_mem/dataMemory_reg | 64 x 32(READ_FIRST)    | W |   | 64 x 32(WRITE_FIRST)   |   | R | Port A and B     | 1      | 0      | 
+------------+-------------------------+------------------------+---+---+------------------------+---+---+------------------+--------+--------+


Distributed RAM: Final Mapping Report
+------------+------------------------+-----------+----------------------+--------------+
|Module Name | RTL Object             | Inference | Size (Depth x Width) | Primitives   | 
+------------+------------------------+-----------+----------------------+--------------+
|DataPath    | reg_file/registers_reg | Implied   | 32 x 32              | RAM32M x 12  | 
+------------+------------------------+-----------+----------------------+--------------+

---------------------------------------------------------------------------------
Finished ROM, RAM, DSP, Shift Register and Retiming Reporting
---------------------------------------------------------------------------------
---------------------------------------------------------------------------------
Start Technology Mapping
---------------------------------------------------------------------------------
INFO: [Synth 8-7052] The timing for the instance data_mem/dataMemory_reg (implemented as a Block RAM) might be sub-optimal as no optional output register could be merged into the ram block. Providing additional output register may help in improving timing.
---------------------------------------------------------------------------------
Finished Technology Mapping : Time (s): cpu = 00:00:08 ; elapsed = 00:00:15 . Memory (MB): peak = 1283.184 ; gain = 756.910
---------------------------------------------------------------------------------
---------------------------------------------------------------------------------
Start IO Insertion
---------------------------------------------------------------------------------
---------------------------------------------------------------------------------
Start Flattening Before IO Insertion
---------------------------------------------------------------------------------
---------------------------------------------------------------------------------
Finished Flattening Before IO Insertion
---------------------------------------------------------------------------------
---------------------------------------------------------------------------------
Start Final Netlist Cleanup
---------------------------------------------------------------------------------
---------------------------------------------------------------------------------
Finished Final Netlist Cleanup
---------------------------------------------------------------------------------
---------------------------------------------------------------------------------
Finished IO Insertion : Time (s): cpu = 00:00:11 ; elapsed = 00:00:17 . Memory (MB): peak = 1283.184 ; gain = 756.910
---------------------------------------------------------------------------------
---------------------------------------------------------------------------------
Start Renaming Generated Instances
---------------------------------------------------------------------------------
---------------------------------------------------------------------------------
Finished Renaming Generated Instances : Time (s): cpu = 00:00:11 ; elapsed = 00:00:17 . Memory (MB): peak = 1283.184 ; gain = 756.910
---------------------------------------------------------------------------------
---------------------------------------------------------------------------------
Start Rebuilding User Hierarchy
---------------------------------------------------------------------------------
---------------------------------------------------------------------------------
Finished Rebuilding User Hierarchy : Time (s): cpu = 00:00:11 ; elapsed = 00:00:17 . Memory (MB): peak = 1283.184 ; gain = 756.910
---------------------------------------------------------------------------------
---------------------------------------------------------------------------------
Start Renaming Generated Ports
---------------------------------------------------------------------------------
---------------------------------------------------------------------------------
Finished Renaming Generated Ports : Time (s): cpu = 00:00:11 ; elapsed = 00:00:17 . Memory (MB): peak = 1283.184 ; gain = 756.910
---------------------------------------------------------------------------------
---------------------------------------------------------------------------------
Start Handling Custom Attributes
---------------------------------------------------------------------------------
---------------------------------------------------------------------------------
Finished Handling Custom Attributes : Time (s): cpu = 00:00:11 ; elapsed = 00:00:17 . Memory (MB): peak = 1283.184 ; gain = 756.910
---------------------------------------------------------------------------------
---------------------------------------------------------------------------------
Start Renaming Generated Nets
---------------------------------------------------------------------------------
---------------------------------------------------------------------------------
Finished Renaming Generated Nets : Time (s): cpu = 00:00:11 ; elapsed = 00:00:17 . Memory (MB): peak = 1283.184 ; gain = 756.910
---------------------------------------------------------------------------------
---------------------------------------------------------------------------------
Start Writing Synthesis Report
---------------------------------------------------------------------------------

Report BlackBoxes: 
+-+--------------+----------+
| |BlackBox name |Instances |
+-+--------------+----------+
+-+--------------+----------+

Report Cell Usage: 
+------+---------+------+
|      |Cell     |Count |
+------+---------+------+
|1     |BUFG     |     1|
|2     |CARRY4   |    24|
|3     |LUT1     |     4|
|4     |LUT2     |    70|
|5     |LUT3     |    10|
|6     |LUT4     |     1|
|7     |LUT5     |    99|
|8     |LUT6     |    70|
|9     |RAM32M   |    10|
|10    |RAM32X1D |     4|
|11    |RAMB18E1 |     1|
|12    |FDRE     |   217|
|13    |IBUF     |     1|
|14    |OBUF     |   380|
+------+---------+------+

Report Instance Areas: 
+------+-------------------+----------------------+------+
|      |Instance           |Module                |Cells |
+------+-------------------+----------------------+------+
|1     |top                |                      |   892|
|2     |  data_mem         |DataMemory            |     1|
|3     |  alu_inst         |ALU                   |    16|
|4     |  PC               |ProgramCounter        |    46|
|5     |  exe_mem_pipeline |EXE_MEM_Pipeline      |   103|
|6     |  id_exe_pipeline  |ID_EXE_Pipeline       |   274|
|7     |  if_id_reg        |IFID_PipelineRegister |    13|
|8     |  mem_wb_pipeline  |MEM_WB_Pipeline       |    42|
|9     |  reg_file         |Register_File         |    14|
+------+-------------------+----------------------+------+
---------------------------------------------------------------------------------
Finished Writing Synthesis Report : Time (s): cpu = 00:00:11 ; elapsed = 00:00:17 . Memory (MB): peak = 1283.184 ; gain = 756.910
---------------------------------------------------------------------------------
Synthesis finished with 0 errors, 0 critical warnings and 53 warnings.
Synthesis Optimization Runtime : Time (s): cpu = 00:00:11 ; elapsed = 00:00:17 . Memory (MB): peak = 1283.184 ; gain = 756.910
Synthesis Optimization Complete : Time (s): cpu = 00:00:11 ; elapsed = 00:00:17 . Memory (MB): peak = 1283.184 ; gain = 756.910
INFO: [Project 1-571] Translating synthesized netlist
Netlist sorting complete. Time (s): cpu = 00:00:00 ; elapsed = 00:00:00.006 . Memory (MB): peak = 1286.121 ; gain = 0.000
INFO: [Netlist 29-17] Analyzing 39 Unisim elements for replacement
INFO: [Netlist 29-28] Unisim Transformation completed in 0 CPU seconds
INFO: [Project 1-570] Preparing netlist for logic optimization
INFO: [Opt 31-138] Pushed 1 inverter(s) to 15 load pin(s).
Netlist sorting complete. Time (s): cpu = 00:00:00 ; elapsed = 00:00:00 . Memory (MB): peak = 1386.020 ; gain = 0.000
INFO: [Project 1-111] Unisim Transformation Summary:
  A total of 14 instances were transformed.
  RAM32M => RAM32M (inverted pins: WCLK) (RAMD32(x6), RAMS32(x2)): 10 instances
  RAM32X1D => RAM32X1D (inverted pins: WCLK) (RAMD32(x2)): 4 instances

Synth Design complete | Checksum: b584590d
INFO: [Common 17-83] Releasing license: Synthesis
54 Infos, 53 Warnings, 0 Critical Warnings and 0 Errors encountered.
synth_design completed successfully
synth_design: Time (s): cpu = 00:00:12 ; elapsed = 00:00:19 . Memory (MB): peak = 1386.020 ; gain = 866.070
Write ShapeDB Complete: Time (s): cpu = 00:00:00 ; elapsed = 00:00:00.003 . Memory (MB): peak = 1386.020 ; gain = 0.000
INFO: [Common 17-1381] The checkpoint 'C:/Users/abs7346/Desktop/Project_aarya/Project_aarya.runs/synth_1/DataPath.dcp' has been generated.
INFO: [Vivado 12-24828] Executing command : report_utilization -file DataPath_utilization_synth.rpt -pb DataPath_utilization_synth.pb
INFO: [Common 17-206] Exiting Vivado at Sat May  3 10:45:21 2025...
